./ctProcess_omega -T56 -D10000 -octProcess_omega_iron_v1.root PipPimPi0_clas_iron.pass2.root 
Analyzing file PipPimPi0_clas_iron.pass2.root
EG2 Cut Info
=========================
NoCuts	
MassPi0	[0.059,0.209] (GeV/c^2)
QSquared	[1,100000] (GeV^2)
Wcut	[2,100000] (GeV)
ZDiff_Electron_PiMinus	[-2,2] (cm)
ZDiff_Electron_PiPlus	[-2,2] (cm)
OpAng_ElecPhoton	[12,180] (deg.)
MassPipPim	[0.48,0.51] (GeV/c^2)
NumDetPart	
MassOmega	[0.7,0.875] (GeV/c^2)
MassOmega_sideband	[0.61,0.7 or 0.875,0.965] (GeV/c^2)
Dalitz	
ProtonInEvt	

Mixed Event Info
=========================
Method 1	Mixing Photon 1
Method 2	Mixing Photon 2
Method 3	Mixing pi+
Method 4	Mixing pi-
Method 5	Mixing pi0
Event type 1	In Time Event
Event type 2	Out of Time Event

Entries: 2645080
Processed Entries: 0
Processed Entries: 10000
Processed Entries: 20000
Processed Entries: 30000
Processed Entries: 40000
Processed Entries: 50000
Processed Entries: 60000
Processed Entries: 70000
Processed Entries: 80000
Processed Entries: 90000
Processed Entries: 100000
Processed Entries: 110000
Processed Entries: 120000
Processed Entries: 130000
Processed Entries: 140000
Processed Entries: 150000
Processed Entries: 160000
Processed Entries: 170000
Processed Entries: 180000
Processed Entries: 190000
Processed Entries: 200000
Processed Entries: 210000
Processed Entries: 220000
Processed Entries: 230000
Processed Entries: 240000
Processed Entries: 250000
Processed Entries: 260000
Processed Entries: 270000
Processed Entries: 280000
Processed Entries: 290000
Processed Entries: 300000
Processed Entries: 310000
Processed Entries: 320000
Processed Entries: 330000
Processed Entries: 340000
Processed Entries: 350000
Processed Entries: 360000
Processed Entries: 370000
Processed Entries: 380000
Processed Entries: 390000
Processed Entries: 400000
Processed Entries: 410000
Processed Entries: 420000
Processed Entries: 430000
Processed Entries: 440000
Processed Entries: 450000
Processed Entries: 460000
Processed Entries: 470000
Processed Entries: 480000
Processed Entries: 490000
Processed Entries: 500000
Processed Entries: 510000
Processed Entries: 520000
Processed Entries: 530000
Processed Entries: 540000
Processed Entries: 550000
Processed Entries: 560000
Processed Entries: 570000
Processed Entries: 580000
Processed Entries: 590000
Processed Entries: 600000
Processed Entries: 610000
Processed Entries: 620000
Processed Entries: 630000
Processed Entries: 640000
Processed Entries: 650000
Processed Entries: 660000
Processed Entries: 670000
Processed Entries: 680000
Processed Entries: 690000
Processed Entries: 700000
Processed Entries: 710000
Processed Entries: 720000
Processed Entries: 730000
Processed Entries: 740000
Processed Entries: 750000
Processed Entries: 760000
Processed Entries: 770000
Processed Entries: 780000
Processed Entries: 790000
Processed Entries: 800000
Processed Entries: 810000
Processed Entries: 820000
Processed Entries: 830000
Processed Entries: 840000
Processed Entries: 850000
Processed Entries: 860000
Processed Entries: 870000
Processed Entries: 880000
Processed Entries: 890000
Processed Entries: 900000
Processed Entries: 910000
Processed Entries: 920000
Processed Entries: 930000
Processed Entries: 940000
Processed Entries: 950000
Processed Entries: 960000
Processed Entries: 970000
Processed Entries: 980000
Processed Entries: 990000
Processed Entries: 1000000
Processed Entries: 1010000
Processed Entries: 1020000
Processed Entries: 1030000
Processed Entries: 1040000
Processed Entries: 1050000
Processed Entries: 1060000
Processed Entries: 1070000
Processed Entries: 1080000
Processed Entries: 1090000
Processed Entries: 1100000
Processed Entries: 1110000
Processed Entries: 1120000
Processed Entries: 1130000
Processed Entries: 1140000
Processed Entries: 1150000
Processed Entries: 1160000
Processed Entries: 1170000
Processed Entries: 1180000
Processed Entries: 1190000
Processed Entries: 1200000
Processed Entries: 1210000
Processed Entries: 1220000
Processed Entries: 1230000
Processed Entries: 1240000
Processed Entries: 1250000
Processed Entries: 1260000
Processed Entries: 1270000
Processed Entries: 1280000
Processed Entries: 1290000
Processed Entries: 1300000
Processed Entries: 1310000
Processed Entries: 1320000
Processed Entries: 1330000
Processed Entries: 1340000
Processed Entries: 1350000
Processed Entries: 1360000
Processed Entries: 1370000
Processed Entries: 1380000
Processed Entries: 1390000
Processed Entries: 1400000
Processed Entries: 1410000
Processed Entries: 1420000
Processed Entries: 1430000
Processed Entries: 1440000
Processed Entries: 1450000
Processed Entries: 1460000
Processed Entries: 1470000
Processed Entries: 1480000
Processed Entries: 1490000
Processed Entries: 1500000
Processed Entries: 1510000
Processed Entries: 1520000
Processed Entries: 1530000
Processed Entries: 1540000
Processed Entries: 1550000
Processed Entries: 1560000
Processed Entries: 1570000
Processed Entries: 1580000
Processed Entries: 1590000
Processed Entries: 1600000
Processed Entries: 1610000
Processed Entries: 1620000
Processed Entries: 1630000
Processed Entries: 1640000
Processed Entries: 1650000
Processed Entries: 1660000
Processed Entries: 1670000
Processed Entries: 1680000
Processed Entries: 1690000
Processed Entries: 1700000
Processed Entries: 1710000
Processed Entries: 1720000
Processed Entries: 1730000
Processed Entries: 1740000
Processed Entries: 1750000
Processed Entries: 1760000
Processed Entries: 1770000
Processed Entries: 1780000
Processed Entries: 1790000
Processed Entries: 1800000
Processed Entries: 1810000
Processed Entries: 1820000
Processed Entries: 1830000
Processed Entries: 1840000
Processed Entries: 1850000
Processed Entries: 1860000
Processed Entries: 1870000
Processed Entries: 1880000
Processed Entries: 1890000
Processed Entries: 1900000
Processed Entries: 1910000
Processed Entries: 1920000
Processed Entries: 1930000
Processed Entries: 1940000
Processed Entries: 1950000
Processed Entries: 1960000
Processed Entries: 1970000
Processed Entries: 1980000
Processed Entries: 1990000
Processed Entries: 2000000
Processed Entries: 2010000
Processed Entries: 2020000
Processed Entries: 2030000
Processed Entries: 2040000
Processed Entries: 2050000
Processed Entries: 2060000
Processed Entries: 2070000
Processed Entries: 2080000
Processed Entries: 2090000
Processed Entries: 2100000
Processed Entries: 2110000
Processed Entries: 2120000
Processed Entries: 2130000
Processed Entries: 2140000
Processed Entries: 2150000
Processed Entries: 2160000
Processed Entries: 2170000
Processed Entries: 2180000
Processed Entries: 2190000
Processed Entries: 2200000
Processed Entries: 2210000
Processed Entries: 2220000
Processed Entries: 2230000
Processed Entries: 2240000
Processed Entries: 2250000
Processed Entries: 2260000
Processed Entries: 2270000
Processed Entries: 2280000
Processed Entries: 2290000
Processed Entries: 2300000
Processed Entries: 2310000
Processed Entries: 2320000
Processed Entries: 2330000
Processed Entries: 2340000
Processed Entries: 2350000
Processed Entries: 2360000
Processed Entries: 2370000
Processed Entries: 2380000
Processed Entries: 2390000
Processed Entries: 2400000
Processed Entries: 2410000
Processed Entries: 2420000
Processed Entries: 2430000
Processed Entries: 2440000
Processed Entries: 2450000
Processed Entries: 2460000
Processed Entries: 2470000
Processed Entries: 2480000
Processed Entries: 2490000
Processed Entries: 2500000
Processed Entries: 2510000
Processed Entries: 2520000
Processed Entries: 2530000
Processed Entries: 2540000
Processed Entries: 2550000
Processed Entries: 2560000
Processed Entries: 2570000
Processed Entries: 2580000
Processed Entries: 2590000
Processed Entries: 2600000
Processed Entries: 2610000
Processed Entries: 2620000
Processed Entries: 2630000
Processed Entries: 2640000
2645080 events processed
Statistics Summary
==================
Total Events	2645080	(1)
Electron ID (All)	1274881	(0.481982)
Electron ID (Mom)	2645080	(1)
Electron ID (CCnphe)	2000154	(0.756179)
Electron ID (ECPvsP)	1755029	(0.663507)
Electron ID (ECin)	2196357	(0.830356)
Electron ID (dtECSC)	2404614	(0.909089)
Electron ID (ECfid)	2016800	(0.762472)
Photon ID (All)	1178975	(0.445724)
Photon ID (Mom)	1979281	(0.748288)
Photon ID (Beta)	2644891	(0.999929)
Photon ID (Timing)	2379995	(0.899782)
Photon ID (ECfid)	2211314	(0.83601)
Photon ID (TOF Msq)	2118044	(0.800749)
Charged Pion ID (All)	931256	(0.352071)
Pos. Pion ID (dBeta)	1599893	(0.604856)
Neg. Pion ID (dBeta)	1355851	(0.512594)
Omega ID (All)	86016	(0.0325192)
Omega ID (Mpi0)	188495	(0.0712625)
Omega ID (Q2)	280686	(0.106116)
Omega ID (W)	280686	(0.106116)
Omega ID (MPipPim)	260645	(0.0985396)
Omega ID (Zmatch)	154765	(0.0585105)
Omega ID (OpAngElectron)	232972	(0.0880775)
Omega ID (NumDetPart)	70391	(0.026612)
Omega ID (ProtonInEvt)	0	(0)

Completed in 8 minutes and 18.4188 seconds.

