./ctProcess_omega -T12 -D10000 -octProcess_omega_carbon_v2.root PipPimPi0_clas_carbon.pass2.v2.root 
Analyzing file PipPimPi0_clas_carbon.pass2.v2.root
EG2 Cut Info
=========================
NoCuts	
MassPi0	[0.059,0.209] (GeV/c^2)
QSquared	[1,100000] (GeV^2)
Wcut	[2,100000] (GeV)
ZDiff_Electron_PiMinus	[-2,2] (cm)
ZDiff_Electron_PiPlus	[-2,2] (cm)
OpAng_ElecPhoton	[12,180] (deg.)
MassPipPim	[0.48,0.51] (GeV/c^2)
NumDetPart	
MassOmega	[0.7,0.875] (GeV/c^2)
MassOmega_sideband	[0.61,0.7 or 0.875,0.965] (GeV/c^2)
Dalitz	
ProtonInEvt	

Mixed Event Info
=========================
Method 1	Mixing Photon 1
Method 2	Mixing Photon 2
Method 3	Mixing pi+
Method 4	Mixing pi-
Method 5	Mixing pi0
Event type 1	In Time Event
Event type 2	Out of Time Event

Entries: 1610625
Processed Entries: 0
Processed Entries: 10000
Processed Entries: 20000
Processed Entries: 30000
Processed Entries: 40000
Processed Entries: 50000
Processed Entries: 60000
Processed Entries: 70000
Processed Entries: 80000
Processed Entries: 90000
Processed Entries: 100000
Processed Entries: 110000
Processed Entries: 120000
Processed Entries: 130000
Processed Entries: 140000
Processed Entries: 150000
Processed Entries: 160000
Processed Entries: 170000
Processed Entries: 180000
Processed Entries: 190000
Processed Entries: 200000
Processed Entries: 210000
Processed Entries: 220000
Processed Entries: 230000
Processed Entries: 240000
Processed Entries: 250000
Processed Entries: 260000
Processed Entries: 270000
Processed Entries: 280000
Processed Entries: 290000
Processed Entries: 300000
Processed Entries: 310000
Processed Entries: 320000
Processed Entries: 330000
Processed Entries: 340000
Processed Entries: 350000
Processed Entries: 360000
Processed Entries: 370000
Processed Entries: 380000
Processed Entries: 390000
Processed Entries: 400000
Processed Entries: 410000
Processed Entries: 420000
Processed Entries: 430000
Processed Entries: 440000
Processed Entries: 450000
Processed Entries: 460000
Processed Entries: 470000
Processed Entries: 480000
Processed Entries: 490000
Processed Entries: 500000
Processed Entries: 510000
Processed Entries: 520000
Processed Entries: 530000
Processed Entries: 540000
Processed Entries: 550000
Processed Entries: 560000
Processed Entries: 570000
Processed Entries: 580000
Processed Entries: 590000
Processed Entries: 600000
Processed Entries: 610000
Processed Entries: 620000
Processed Entries: 630000
Processed Entries: 640000
Processed Entries: 650000
Processed Entries: 660000
Processed Entries: 670000
Processed Entries: 680000
Processed Entries: 690000
Processed Entries: 700000
Processed Entries: 710000
Processed Entries: 720000
Processed Entries: 730000
Processed Entries: 740000
Processed Entries: 750000
Processed Entries: 760000
Processed Entries: 770000
Processed Entries: 780000
Processed Entries: 790000
Processed Entries: 800000
Processed Entries: 810000
Processed Entries: 820000
Processed Entries: 830000
Processed Entries: 840000
Processed Entries: 850000
Processed Entries: 860000
Processed Entries: 870000
Processed Entries: 880000
Processed Entries: 890000
Processed Entries: 900000
Processed Entries: 910000
Processed Entries: 920000
Processed Entries: 930000
Processed Entries: 940000
Processed Entries: 950000
Processed Entries: 960000
Processed Entries: 970000
Processed Entries: 980000
Processed Entries: 990000
Processed Entries: 1000000
Processed Entries: 1010000
Processed Entries: 1020000
Processed Entries: 1030000
Processed Entries: 1040000
Processed Entries: 1050000
Processed Entries: 1060000
Processed Entries: 1070000
Processed Entries: 1080000
Processed Entries: 1090000
Processed Entries: 1100000
Processed Entries: 1110000
Processed Entries: 1120000
Processed Entries: 1130000
Processed Entries: 1140000
Processed Entries: 1150000
Processed Entries: 1160000
Processed Entries: 1170000
Processed Entries: 1180000
Processed Entries: 1190000
Processed Entries: 1200000
Processed Entries: 1210000
Processed Entries: 1220000
Processed Entries: 1230000
Processed Entries: 1240000
Processed Entries: 1250000
Processed Entries: 1260000
Processed Entries: 1270000
Processed Entries: 1280000
Processed Entries: 1290000
Processed Entries: 1300000
Processed Entries: 1310000
Processed Entries: 1320000
Processed Entries: 1330000
Processed Entries: 1340000
Processed Entries: 1350000
Processed Entries: 1360000
Processed Entries: 1370000
Processed Entries: 1380000
Processed Entries: 1390000
Processed Entries: 1400000
Processed Entries: 1410000
Processed Entries: 1420000
Processed Entries: 1430000
Processed Entries: 1440000
Processed Entries: 1450000
Processed Entries: 1460000
Processed Entries: 1470000
Processed Entries: 1480000
Processed Entries: 1490000
Processed Entries: 1500000
Processed Entries: 1510000
Processed Entries: 1520000
Processed Entries: 1530000
Processed Entries: 1540000
Processed Entries: 1550000
Processed Entries: 1560000
Processed Entries: 1570000
Processed Entries: 1580000
Processed Entries: 1590000
Processed Entries: 1600000
Processed Entries: 1610000
1610625 events processed
Statistics Summary
==================
Total Events	1610625	(1)
Electron ID (All)	842662	(0.523189)
Electron ID (Mom)	1610625	(1)
Electron ID (CCnphe)	1268395	(0.787517)
Electron ID (ECPvsP)	1177082	(0.730823)
Electron ID (ECin)	1382553	(0.858395)
Electron ID (dtECSC)	1478435	(0.917926)
Electron ID (ECfid)	1226235	(0.761341)
Photon ID (All)	912539	(0.566574)
Photon ID (Mom)	1198344	(0.744024)
Photon ID (Beta)	1610625	(1)
Photon ID (Timing)	1456715	(0.904441)
Photon ID (ECfid)	1350921	(0.838756)
Photon ID (TOF Msq)	1610625	(1)
Charged Pion ID (All)	278415	(0.172861)
Pos. Pion ID (dBeta)	711111	(0.441512)
Neg. Pion ID (dBeta)	609921	(0.378686)
Omega ID (All)	15292	(0.00949445)
Omega ID (Mpi0)	49567	(0.030775)
Omega ID (Q2)	81251	(0.0504469)
Omega ID (W)	81251	(0.0504469)
Omega ID (MPipPim)	77904	(0.0483688)
Omega ID (Zmatch)	29214	(0.0181383)
Omega ID (OpAngElectron)	66664	(0.0413901)
Omega ID (NumDetPart)	27931	(0.0173417)
Omega ID (ProtonInEvt)	34043	(0.0211365)

Completed in 5 minutes and 20.8026 seconds.

