./ctProcess_omega -D10000 -T56 -S0 -octProcess_omega_iron_v4.root /Volumes/DARTH VADER/clas/clas-data/eg2/PipPimPi0/ClasTool/Iron/v4/Merged-Files/PipPimPi0_clas_iron_v4.root 
Analyzing file /Volumes/DARTH VADER/clas/clas-data/eg2/PipPimPi0/ClasTool/Iron/v4/Merged-Files/PipPimPi0_clas_iron_v4.root
EG2 Cut Info
=========================
NoCuts	
MassPi0	[0.059,0.209] (GeV/c^2)
QSquared	[1,100000] (GeV^2)
Wcut	[2,100000] (GeV)
ZDiff_Electron_PiMinus	[-2,2] (cm)
ZDiff_Electron_PiPlus	[-2,2] (cm)
OpAng_ElecPhoton	[12,180] (deg.)
MassPipPim	[0.48,0.51] (GeV/c^2)
NumDetPart	
MassOmega	[0.7,0.875] (GeV/c^2)
MassOmega_sideband	[0.61,0.7 or 0.875,0.965] (GeV/c^2)
Dalitz	
ProtonInEvt	
PartComb	

Mixed Event Info
=========================
Method 1	Mixing Photon 1
Method 2	Mixing Photon 2
Method 3	Mixing pi+
Method 4	Mixing pi-
Method 5	Mixing pi0
Event type 1	In Time Event
Event type 2	Out of Time Event

Entries: 14235589
Processed Entries: 0
Processed Entries: 10000
Processed Entries: 20000
Processed Entries: 30000
Processed Entries: 40000
Processed Entries: 50000
Processed Entries: 60000
Processed Entries: 70000
Processed Entries: 80000
Processed Entries: 90000
Processed Entries: 100000
Processed Entries: 110000
Processed Entries: 120000
Processed Entries: 130000
Processed Entries: 140000
Processed Entries: 150000
Processed Entries: 160000
Processed Entries: 170000
Processed Entries: 180000
Processed Entries: 190000
Processed Entries: 200000
Processed Entries: 210000
Processed Entries: 220000
Processed Entries: 230000
Processed Entries: 240000
Processed Entries: 250000
Processed Entries: 260000
Processed Entries: 270000
Processed Entries: 280000
Processed Entries: 290000
Processed Entries: 300000
Processed Entries: 310000
Processed Entries: 320000
Processed Entries: 330000
Processed Entries: 340000
Processed Entries: 350000
Processed Entries: 360000
Processed Entries: 370000
Processed Entries: 380000
Processed Entries: 390000
Processed Entries: 400000
Processed Entries: 410000
Processed Entries: 420000
Processed Entries: 430000
Processed Entries: 440000
Processed Entries: 450000
Processed Entries: 460000
Processed Entries: 470000
Processed Entries: 480000
Processed Entries: 490000
Processed Entries: 500000
Processed Entries: 510000
Processed Entries: 520000
Processed Entries: 530000
Processed Entries: 540000
Processed Entries: 550000
Processed Entries: 560000
Processed Entries: 570000
Processed Entries: 580000
Processed Entries: 590000
Processed Entries: 600000
Processed Entries: 610000
Processed Entries: 620000
Processed Entries: 630000
Processed Entries: 640000
Processed Entries: 650000
Processed Entries: 660000
Processed Entries: 670000
Processed Entries: 680000
Processed Entries: 690000
Processed Entries: 700000
Processed Entries: 710000
Processed Entries: 720000
Processed Entries: 730000
Processed Entries: 740000
Processed Entries: 750000
Processed Entries: 760000
Processed Entries: 770000
Processed Entries: 780000
Processed Entries: 790000
Processed Entries: 800000
Processed Entries: 810000
Processed Entries: 820000
Processed Entries: 830000
Processed Entries: 840000
Processed Entries: 850000
Processed Entries: 860000
Processed Entries: 870000
Processed Entries: 880000
Processed Entries: 890000
Processed Entries: 900000
Processed Entries: 910000
Processed Entries: 920000
Processed Entries: 930000
Processed Entries: 940000
Processed Entries: 950000
Processed Entries: 960000
Processed Entries: 970000
Processed Entries: 980000
Processed Entries: 990000
Processed Entries: 1000000
Processed Entries: 1010000
Processed Entries: 1020000
Processed Entries: 1030000
Processed Entries: 1040000
Processed Entries: 1050000
Processed Entries: 1060000
Processed Entries: 1070000
Processed Entries: 1080000
Processed Entries: 1090000
Processed Entries: 1100000
Processed Entries: 1110000
Processed Entries: 1120000
Processed Entries: 1130000
Processed Entries: 1140000
Processed Entries: 1150000
Processed Entries: 1160000
Processed Entries: 1170000
Processed Entries: 1180000
Processed Entries: 1190000
Processed Entries: 1200000
Processed Entries: 1210000
Processed Entries: 1220000
Processed Entries: 1230000
Processed Entries: 1240000
Processed Entries: 1250000
Processed Entries: 1260000
Processed Entries: 1270000
Processed Entries: 1280000
Processed Entries: 1290000
Processed Entries: 1300000
Processed Entries: 1310000
Processed Entries: 1320000
Processed Entries: 1330000
Processed Entries: 1340000
Processed Entries: 1350000
Processed Entries: 1360000
Processed Entries: 1370000
Processed Entries: 1380000
Processed Entries: 1390000
Processed Entries: 1400000
Processed Entries: 1410000
Processed Entries: 1420000
Processed Entries: 1430000
Processed Entries: 1440000
Processed Entries: 1450000
Processed Entries: 1460000
Processed Entries: 1470000
Processed Entries: 1480000
Processed Entries: 1490000
Processed Entries: 1500000
Processed Entries: 1510000
Processed Entries: 1520000
Processed Entries: 1530000
Processed Entries: 1540000
Processed Entries: 1550000
Processed Entries: 1560000
Processed Entries: 1570000
Processed Entries: 1580000
Processed Entries: 1590000
Processed Entries: 1600000
Processed Entries: 1610000
Processed Entries: 1620000
Processed Entries: 1630000
Processed Entries: 1640000
Processed Entries: 1650000
Processed Entries: 1660000
Processed Entries: 1670000
Processed Entries: 1680000
Processed Entries: 1690000
Processed Entries: 1700000
Processed Entries: 1710000
Processed Entries: 1720000
Processed Entries: 1730000
Processed Entries: 1740000
Processed Entries: 1750000
Processed Entries: 1760000
Processed Entries: 1770000
Processed Entries: 1780000
Processed Entries: 1790000
Processed Entries: 1800000
Processed Entries: 1810000
Processed Entries: 1820000
Processed Entries: 1830000
Processed Entries: 1840000
Processed Entries: 1850000
Processed Entries: 1860000
Processed Entries: 1870000
Processed Entries: 1880000
Processed Entries: 1890000
Processed Entries: 1900000
Processed Entries: 1910000
Processed Entries: 1920000
Processed Entries: 1930000
Processed Entries: 1940000
Processed Entries: 1950000
Processed Entries: 1960000
Processed Entries: 1970000
Processed Entries: 1980000
Processed Entries: 1990000
Processed Entries: 2000000
Processed Entries: 2010000
Processed Entries: 2020000
Processed Entries: 2030000
Processed Entries: 2040000
Processed Entries: 2050000
Processed Entries: 2060000
Processed Entries: 2070000
Processed Entries: 2080000
Processed Entries: 2090000
Processed Entries: 2100000
Processed Entries: 2110000
Processed Entries: 2120000
Processed Entries: 2130000
Processed Entries: 2140000
Processed Entries: 2150000
Processed Entries: 2160000
Processed Entries: 2170000
Processed Entries: 2180000
Processed Entries: 2190000
Processed Entries: 2200000
Processed Entries: 2210000
Processed Entries: 2220000
Processed Entries: 2230000
Processed Entries: 2240000
Processed Entries: 2250000
Processed Entries: 2260000
Processed Entries: 2270000
Processed Entries: 2280000
Processed Entries: 2290000
Processed Entries: 2300000
Processed Entries: 2310000
Processed Entries: 2320000
Processed Entries: 2330000
Processed Entries: 2340000
Processed Entries: 2350000
Processed Entries: 2360000
Processed Entries: 2370000
Processed Entries: 2380000
Processed Entries: 2390000
Processed Entries: 2400000
Processed Entries: 2410000
Processed Entries: 2420000
Processed Entries: 2430000
Processed Entries: 2440000
Processed Entries: 2450000
Processed Entries: 2460000
Processed Entries: 2470000
Processed Entries: 2480000
Processed Entries: 2490000
Processed Entries: 2500000
Processed Entries: 2510000
Processed Entries: 2520000
Processed Entries: 2530000
Processed Entries: 2540000
Processed Entries: 2550000
Processed Entries: 2560000
Processed Entries: 2570000
Processed Entries: 2580000
Processed Entries: 2590000
Processed Entries: 2600000
Processed Entries: 2610000
Processed Entries: 2620000
Processed Entries: 2630000
Processed Entries: 2640000
Processed Entries: 2650000
Processed Entries: 2660000
Processed Entries: 2670000
Processed Entries: 2680000
Processed Entries: 2690000
Processed Entries: 2700000
Processed Entries: 2710000
Processed Entries: 2720000
Processed Entries: 2730000
Processed Entries: 2740000
Processed Entries: 2750000
Processed Entries: 2760000
Processed Entries: 2770000
Processed Entries: 2780000
Processed Entries: 2790000
Processed Entries: 2800000
Processed Entries: 2810000
Processed Entries: 2820000
Processed Entries: 2830000
Processed Entries: 2840000
Processed Entries: 2850000
Processed Entries: 2860000
Processed Entries: 2870000
Processed Entries: 2880000
Processed Entries: 2890000
Processed Entries: 2900000
Processed Entries: 2910000
Processed Entries: 2920000
Processed Entries: 2930000
Processed Entries: 2940000
Processed Entries: 2950000
Processed Entries: 2960000
Processed Entries: 2970000
Processed Entries: 2980000
Processed Entries: 2990000
Processed Entries: 3000000
Processed Entries: 3010000
Processed Entries: 3020000
Processed Entries: 3030000
Processed Entries: 3040000
Processed Entries: 3050000
Processed Entries: 3060000
Processed Entries: 3070000
Processed Entries: 3080000
Processed Entries: 3090000
Processed Entries: 3100000
Processed Entries: 3110000
Processed Entries: 3120000
Processed Entries: 3130000
Processed Entries: 3140000
Processed Entries: 3150000
Processed Entries: 3160000
Processed Entries: 3170000
Processed Entries: 3180000
Processed Entries: 3190000
Processed Entries: 3200000
Processed Entries: 3210000
Processed Entries: 3220000
Processed Entries: 3230000
Processed Entries: 3240000
Processed Entries: 3250000
Processed Entries: 3260000
Processed Entries: 3270000
Processed Entries: 3280000
Processed Entries: 3290000
Processed Entries: 3300000
Processed Entries: 3310000
Processed Entries: 3320000
Processed Entries: 3330000
Processed Entries: 3340000
Processed Entries: 3350000
Processed Entries: 3360000
Processed Entries: 3370000
Processed Entries: 3380000
Processed Entries: 3390000
Processed Entries: 3400000
Processed Entries: 3410000
Processed Entries: 3420000
Processed Entries: 3430000
Processed Entries: 3440000
Processed Entries: 3450000
Processed Entries: 3460000
Processed Entries: 3470000
Processed Entries: 3480000
Processed Entries: 3490000
Processed Entries: 3500000
Processed Entries: 3510000
Processed Entries: 3520000
Processed Entries: 3530000
Processed Entries: 3540000
Processed Entries: 3550000
Processed Entries: 3560000
Processed Entries: 3570000
Processed Entries: 3580000
Processed Entries: 3590000
Processed Entries: 3600000
Processed Entries: 3610000
Processed Entries: 3620000
Processed Entries: 3630000
Processed Entries: 3640000
Processed Entries: 3650000
Processed Entries: 3660000
Processed Entries: 3670000
Processed Entries: 3680000
Processed Entries: 3690000
Processed Entries: 3700000
Processed Entries: 3710000
Processed Entries: 3720000
Processed Entries: 3730000
Processed Entries: 3740000
Processed Entries: 3750000
Processed Entries: 3760000
Processed Entries: 3770000
Processed Entries: 3780000
Processed Entries: 3790000
Processed Entries: 3800000
Processed Entries: 3810000
Processed Entries: 3820000
Processed Entries: 3830000
Processed Entries: 3840000
Processed Entries: 3850000
Processed Entries: 3860000
Processed Entries: 3870000
Processed Entries: 3880000
Processed Entries: 3890000
Processed Entries: 3900000
Processed Entries: 3910000
Processed Entries: 3920000
Processed Entries: 3930000
Processed Entries: 3940000
Processed Entries: 3950000
Processed Entries: 3960000
Processed Entries: 3970000
Processed Entries: 3980000
Processed Entries: 3990000
Processed Entries: 4000000
Processed Entries: 4010000
Processed Entries: 4020000
Processed Entries: 4030000
Processed Entries: 4040000
Processed Entries: 4050000
Processed Entries: 4060000
Processed Entries: 4070000
Processed Entries: 4080000
Processed Entries: 4090000
Processed Entries: 4100000
Processed Entries: 4110000
Processed Entries: 4120000
Processed Entries: 4130000
Processed Entries: 4140000
Processed Entries: 4150000
Processed Entries: 4160000
Processed Entries: 4170000
Processed Entries: 4180000
Processed Entries: 4190000
Processed Entries: 4200000
Processed Entries: 4210000
Processed Entries: 4220000
Processed Entries: 4230000
Processed Entries: 4240000
Processed Entries: 4250000
Processed Entries: 4260000
Processed Entries: 4270000
Processed Entries: 4280000
Processed Entries: 4290000
Processed Entries: 4300000
Processed Entries: 4310000
Processed Entries: 4320000
Processed Entries: 4330000
Processed Entries: 4340000
Processed Entries: 4350000
Processed Entries: 4360000
Processed Entries: 4370000
Processed Entries: 4380000
Processed Entries: 4390000
Processed Entries: 4400000
Processed Entries: 4410000
Processed Entries: 4420000
Processed Entries: 4430000
Processed Entries: 4440000
Processed Entries: 4450000
Processed Entries: 4460000
Processed Entries: 4470000
Processed Entries: 4480000
Processed Entries: 4490000
Processed Entries: 4500000
Processed Entries: 4510000
Processed Entries: 4520000
Processed Entries: 4530000
Processed Entries: 4540000
Processed Entries: 4550000
Processed Entries: 4560000
Processed Entries: 4570000
Processed Entries: 4580000
Processed Entries: 4590000
Processed Entries: 4600000
Processed Entries: 4610000
Processed Entries: 4620000
Processed Entries: 4630000
Processed Entries: 4640000
Processed Entries: 4650000
Processed Entries: 4660000
Processed Entries: 4670000
Processed Entries: 4680000
Processed Entries: 4690000
Processed Entries: 4700000
Processed Entries: 4710000
Processed Entries: 4720000
Processed Entries: 4730000
Processed Entries: 4740000
Processed Entries: 4750000
Processed Entries: 4760000
Processed Entries: 4770000
Processed Entries: 4780000
Processed Entries: 4790000
Processed Entries: 4800000
Processed Entries: 4810000
Processed Entries: 4820000
Processed Entries: 4830000
Processed Entries: 4840000
Processed Entries: 4850000
Processed Entries: 4860000
Processed Entries: 4870000
Processed Entries: 4880000
Processed Entries: 4890000
Processed Entries: 4900000
Processed Entries: 4910000
Processed Entries: 4920000
Processed Entries: 4930000
Processed Entries: 4940000
Processed Entries: 4950000
Processed Entries: 4960000
Processed Entries: 4970000
Processed Entries: 4980000
Processed Entries: 4990000
Processed Entries: 5000000
Processed Entries: 5010000
Processed Entries: 5020000
Processed Entries: 5030000
Processed Entries: 5040000
Processed Entries: 5050000
Processed Entries: 5060000
Processed Entries: 5070000
Processed Entries: 5080000
Processed Entries: 5090000
Processed Entries: 5100000
Processed Entries: 5110000
Processed Entries: 5120000
Processed Entries: 5130000
Processed Entries: 5140000
Processed Entries: 5150000
Processed Entries: 5160000
Processed Entries: 5170000
Processed Entries: 5180000
Processed Entries: 5190000
Processed Entries: 5200000
Processed Entries: 5210000
Processed Entries: 5220000
Processed Entries: 5230000
Processed Entries: 5240000
Processed Entries: 5250000
Processed Entries: 5260000
Processed Entries: 5270000
Processed Entries: 5280000
Processed Entries: 5290000
Processed Entries: 5300000
Processed Entries: 5310000
Processed Entries: 5320000
Processed Entries: 5330000
Processed Entries: 5340000
Processed Entries: 5350000
Processed Entries: 5360000
Processed Entries: 5370000
Processed Entries: 5380000
Processed Entries: 5390000
Processed Entries: 5400000
Processed Entries: 5410000
Processed Entries: 5420000
Processed Entries: 5430000
Processed Entries: 5440000
Processed Entries: 5450000
Processed Entries: 5460000
Processed Entries: 5470000
Processed Entries: 5480000
Processed Entries: 5490000
Processed Entries: 5500000
Processed Entries: 5510000
Processed Entries: 5520000
Processed Entries: 5530000
Processed Entries: 5540000
Processed Entries: 5550000
Processed Entries: 5560000
Processed Entries: 5570000
Processed Entries: 5580000
Processed Entries: 5590000
Processed Entries: 5600000
Processed Entries: 5610000
Processed Entries: 5620000
Processed Entries: 5630000
Processed Entries: 5640000
Processed Entries: 5650000
Processed Entries: 5660000
Processed Entries: 5670000
Processed Entries: 5680000
Processed Entries: 5690000
Processed Entries: 5700000
Processed Entries: 5710000
Processed Entries: 5720000
Processed Entries: 5730000
Processed Entries: 5740000
Processed Entries: 5750000
Processed Entries: 5760000
Processed Entries: 5770000
Processed Entries: 5780000
Processed Entries: 5790000
Processed Entries: 5800000
Processed Entries: 5810000
Processed Entries: 5820000
Processed Entries: 5830000
Processed Entries: 5840000
Processed Entries: 5850000
Processed Entries: 5860000
Processed Entries: 5870000
Processed Entries: 5880000
Processed Entries: 5890000
Processed Entries: 5900000
Processed Entries: 5910000
Processed Entries: 5920000
Processed Entries: 5930000
Processed Entries: 5940000
Processed Entries: 5950000
Processed Entries: 5960000
Processed Entries: 5970000
Processed Entries: 5980000
Processed Entries: 5990000
Processed Entries: 6000000
Processed Entries: 6010000
Processed Entries: 6020000
Processed Entries: 6030000
Processed Entries: 6040000
Processed Entries: 6050000
Processed Entries: 6060000
Processed Entries: 6070000
Processed Entries: 6080000
Processed Entries: 6090000
Processed Entries: 6100000
Processed Entries: 6110000
Processed Entries: 6120000
Processed Entries: 6130000
Processed Entries: 6140000
Processed Entries: 6150000
Processed Entries: 6160000
Processed Entries: 6170000
Processed Entries: 6180000
Processed Entries: 6190000
Processed Entries: 6200000
Processed Entries: 6210000
Processed Entries: 6220000
Processed Entries: 6230000
Processed Entries: 6240000
Processed Entries: 6250000
Processed Entries: 6260000
Processed Entries: 6270000
Processed Entries: 6280000
Processed Entries: 6290000
Processed Entries: 6300000
Processed Entries: 6310000
Processed Entries: 6320000
Processed Entries: 6330000
Processed Entries: 6340000
Processed Entries: 6350000
Processed Entries: 6360000
Processed Entries: 6370000
Processed Entries: 6380000
Processed Entries: 6390000
Processed Entries: 6400000
Processed Entries: 6410000
Processed Entries: 6420000
Processed Entries: 6430000
Processed Entries: 6440000
Processed Entries: 6450000
Processed Entries: 6460000
Processed Entries: 6470000
Processed Entries: 6480000
Processed Entries: 6490000
Processed Entries: 6500000
Processed Entries: 6510000
Processed Entries: 6520000
Processed Entries: 6530000
Processed Entries: 6540000
Processed Entries: 6550000
Processed Entries: 6560000
Processed Entries: 6570000
Processed Entries: 6580000
Processed Entries: 6590000
Processed Entries: 6600000
Processed Entries: 6610000
Processed Entries: 6620000
Processed Entries: 6630000
Processed Entries: 6640000
Processed Entries: 6650000
Processed Entries: 6660000
Processed Entries: 6670000
Processed Entries: 6680000
Processed Entries: 6690000
Processed Entries: 6700000
Processed Entries: 6710000
Processed Entries: 6720000
Processed Entries: 6730000
Processed Entries: 6740000
Processed Entries: 6750000
Processed Entries: 6760000
Processed Entries: 6770000
Processed Entries: 6780000
Processed Entries: 6790000
Processed Entries: 6800000
Processed Entries: 6810000
Processed Entries: 6820000
Processed Entries: 6830000
Processed Entries: 6840000
Processed Entries: 6850000
Processed Entries: 6860000
Processed Entries: 6870000
Processed Entries: 6880000
Processed Entries: 6890000
Processed Entries: 6900000
Processed Entries: 6910000
Processed Entries: 6920000
Processed Entries: 6930000
Processed Entries: 6940000
Processed Entries: 6950000
Processed Entries: 6960000
Processed Entries: 6970000
Processed Entries: 6980000
Processed Entries: 6990000
Processed Entries: 7000000
Processed Entries: 7010000
Processed Entries: 7020000
Processed Entries: 7030000
Processed Entries: 7040000
Processed Entries: 7050000
Processed Entries: 7060000
Processed Entries: 7070000
Processed Entries: 7080000
Processed Entries: 7090000
Processed Entries: 7100000
Processed Entries: 7110000
Processed Entries: 7120000
Processed Entries: 7130000
Processed Entries: 7140000
Processed Entries: 7150000
Processed Entries: 7160000
Processed Entries: 7170000
Processed Entries: 7180000
Processed Entries: 7190000
Processed Entries: 7200000
Processed Entries: 7210000
Processed Entries: 7220000
Processed Entries: 7230000
Processed Entries: 7240000
Processed Entries: 7250000
Processed Entries: 7260000
Processed Entries: 7270000
Processed Entries: 7280000
Processed Entries: 7290000
Processed Entries: 7300000
Processed Entries: 7310000
Processed Entries: 7320000
Processed Entries: 7330000
Processed Entries: 7340000
Processed Entries: 7350000
Processed Entries: 7360000
Processed Entries: 7370000
Processed Entries: 7380000
Processed Entries: 7390000
Processed Entries: 7400000
Processed Entries: 7410000
Processed Entries: 7420000
Processed Entries: 7430000
Processed Entries: 7440000
Processed Entries: 7450000
Processed Entries: 7460000
Processed Entries: 7470000
Processed Entries: 7480000
Processed Entries: 7490000
Processed Entries: 7500000
Processed Entries: 7510000
Processed Entries: 7520000
Processed Entries: 7530000
Processed Entries: 7540000
Processed Entries: 7550000
Processed Entries: 7560000
Processed Entries: 7570000
Processed Entries: 7580000
Processed Entries: 7590000
Processed Entries: 7600000
Processed Entries: 7610000
Processed Entries: 7620000
Processed Entries: 7630000
Processed Entries: 7640000
Processed Entries: 7650000
Processed Entries: 7660000
Processed Entries: 7670000
Processed Entries: 7680000
Processed Entries: 7690000
Processed Entries: 7700000
Processed Entries: 7710000
Processed Entries: 7720000
Processed Entries: 7730000
Processed Entries: 7740000
Processed Entries: 7750000
Processed Entries: 7760000
Processed Entries: 7770000
Processed Entries: 7780000
Processed Entries: 7790000
Processed Entries: 7800000
Processed Entries: 7810000
Processed Entries: 7820000
Processed Entries: 7830000
Processed Entries: 7840000
Processed Entries: 7850000
Processed Entries: 7860000
Processed Entries: 7870000
Processed Entries: 7880000
Processed Entries: 7890000
Processed Entries: 7900000
Processed Entries: 7910000
Processed Entries: 7920000
Processed Entries: 7930000
Processed Entries: 7940000
Processed Entries: 7950000
Processed Entries: 7960000
Processed Entries: 7970000
Processed Entries: 7980000
Processed Entries: 7990000
Processed Entries: 8000000
Processed Entries: 8010000
Processed Entries: 8020000
Processed Entries: 8030000
Processed Entries: 8040000
Processed Entries: 8050000
Processed Entries: 8060000
Processed Entries: 8070000
Processed Entries: 8080000
Processed Entries: 8090000
Processed Entries: 8100000
Processed Entries: 8110000
Processed Entries: 8120000
Processed Entries: 8130000
Processed Entries: 8140000
Processed Entries: 8150000
Processed Entries: 8160000
Processed Entries: 8170000
Processed Entries: 8180000
Processed Entries: 8190000
Processed Entries: 8200000
Processed Entries: 8210000
Processed Entries: 8220000
Processed Entries: 8230000
Processed Entries: 8240000
Processed Entries: 8250000
Processed Entries: 8260000
Processed Entries: 8270000
Processed Entries: 8280000
Processed Entries: 8290000
Processed Entries: 8300000
Processed Entries: 8310000
Processed Entries: 8320000
Processed Entries: 8330000
Processed Entries: 8340000
Processed Entries: 8350000
Processed Entries: 8360000
Processed Entries: 8370000
Processed Entries: 8380000
Processed Entries: 8390000
Processed Entries: 8400000
Processed Entries: 8410000
Processed Entries: 8420000
Processed Entries: 8430000
Processed Entries: 8440000
Processed Entries: 8450000
Processed Entries: 8460000
Processed Entries: 8470000
Processed Entries: 8480000
Processed Entries: 8490000
Processed Entries: 8500000
Processed Entries: 8510000
Processed Entries: 8520000
Processed Entries: 8530000
Processed Entries: 8540000
Processed Entries: 8550000
Processed Entries: 8560000
Processed Entries: 8570000
Processed Entries: 8580000
Processed Entries: 8590000
Processed Entries: 8600000
Processed Entries: 8610000
Processed Entries: 8620000
Processed Entries: 8630000
Processed Entries: 8640000
Processed Entries: 8650000
Processed Entries: 8660000
Processed Entries: 8670000
Processed Entries: 8680000
Processed Entries: 8690000
Processed Entries: 8700000
Processed Entries: 8710000
Processed Entries: 8720000
Processed Entries: 8730000
Processed Entries: 8740000
Processed Entries: 8750000
Processed Entries: 8760000
Processed Entries: 8770000
Processed Entries: 8780000
Processed Entries: 8790000
Processed Entries: 8800000
Processed Entries: 8810000
Processed Entries: 8820000
Processed Entries: 8830000
Processed Entries: 8840000
Processed Entries: 8850000
Processed Entries: 8860000
Processed Entries: 8870000
Processed Entries: 8880000
Processed Entries: 8890000
Processed Entries: 8900000
Processed Entries: 8910000
Processed Entries: 8920000
Processed Entries: 8930000
Processed Entries: 8940000
Processed Entries: 8950000
Processed Entries: 8960000
Processed Entries: 8970000
Processed Entries: 8980000
Processed Entries: 8990000
Processed Entries: 9000000
Processed Entries: 9010000
Processed Entries: 9020000
Processed Entries: 9030000
Processed Entries: 9040000
Processed Entries: 9050000
Processed Entries: 9060000
Processed Entries: 9070000
Processed Entries: 9080000
Processed Entries: 9090000
Processed Entries: 9100000
Processed Entries: 9110000
Processed Entries: 9120000
Processed Entries: 9130000
Processed Entries: 9140000
Processed Entries: 9150000
Processed Entries: 9160000
Processed Entries: 9170000
Processed Entries: 9180000
Processed Entries: 9190000
Processed Entries: 9200000
Processed Entries: 9210000
Processed Entries: 9220000
Processed Entries: 9230000
Processed Entries: 9240000
Processed Entries: 9250000
Processed Entries: 9260000
Processed Entries: 9270000
Processed Entries: 9280000
Processed Entries: 9290000
Processed Entries: 9300000
Processed Entries: 9310000
Processed Entries: 9320000
Processed Entries: 9330000
Processed Entries: 9340000
Processed Entries: 9350000
Processed Entries: 9360000
Processed Entries: 9370000
Processed Entries: 9380000
Processed Entries: 9390000
Processed Entries: 9400000
Processed Entries: 9410000
Processed Entries: 9420000
Processed Entries: 9430000
Processed Entries: 9440000
Processed Entries: 9450000
Processed Entries: 9460000
Processed Entries: 9470000
Processed Entries: 9480000
Processed Entries: 9490000
Processed Entries: 9500000
Processed Entries: 9510000
Processed Entries: 9520000
Processed Entries: 9530000
Processed Entries: 9540000
Processed Entries: 9550000
Processed Entries: 9560000
Processed Entries: 9570000
Processed Entries: 9580000
Processed Entries: 9590000
Processed Entries: 9600000
Processed Entries: 9610000
Processed Entries: 9620000
Processed Entries: 9630000
Processed Entries: 9640000
Processed Entries: 9650000
Processed Entries: 9660000
Processed Entries: 9670000
Processed Entries: 9680000
Processed Entries: 9690000
Processed Entries: 9700000
Processed Entries: 9710000
Processed Entries: 9720000
Processed Entries: 9730000
Processed Entries: 9740000
Processed Entries: 9750000
Processed Entries: 9760000
Processed Entries: 9770000
Processed Entries: 9780000
Processed Entries: 9790000
Processed Entries: 9800000
Processed Entries: 9810000
Processed Entries: 9820000
Processed Entries: 9830000
Processed Entries: 9840000
Processed Entries: 9850000
Processed Entries: 9860000
Processed Entries: 9870000
Processed Entries: 9880000
Processed Entries: 9890000
Processed Entries: 9900000
Processed Entries: 9910000
Processed Entries: 9920000
Processed Entries: 9930000
Processed Entries: 9940000
Processed Entries: 9950000
Processed Entries: 9960000
Processed Entries: 9970000
Processed Entries: 9980000
Processed Entries: 9990000
Processed Entries: 10000000
Processed Entries: 10010000
Processed Entries: 10020000
Processed Entries: 10030000
Processed Entries: 10040000
Processed Entries: 10050000
Processed Entries: 10060000
Processed Entries: 10070000
Processed Entries: 10080000
Processed Entries: 10090000
Processed Entries: 10100000
Processed Entries: 10110000
Processed Entries: 10120000
Processed Entries: 10130000
Processed Entries: 10140000
Processed Entries: 10150000
Processed Entries: 10160000
Processed Entries: 10170000
Processed Entries: 10180000
Processed Entries: 10190000
Processed Entries: 10200000
Processed Entries: 10210000
Processed Entries: 10220000
Processed Entries: 10230000
Processed Entries: 10240000
Processed Entries: 10250000
Processed Entries: 10260000
Processed Entries: 10270000
Processed Entries: 10280000
Processed Entries: 10290000
Processed Entries: 10300000
Processed Entries: 10310000
Processed Entries: 10320000
Processed Entries: 10330000
Processed Entries: 10340000
Processed Entries: 10350000
Processed Entries: 10360000
Processed Entries: 10370000
Processed Entries: 10380000
Processed Entries: 10390000
Processed Entries: 10400000
Processed Entries: 10410000
Processed Entries: 10420000
Processed Entries: 10430000
Processed Entries: 10440000
Processed Entries: 10450000
Processed Entries: 10460000
Processed Entries: 10470000
Processed Entries: 10480000
Processed Entries: 10490000
Processed Entries: 10500000
Processed Entries: 10510000
Processed Entries: 10520000
Processed Entries: 10530000
Processed Entries: 10540000
Processed Entries: 10550000
Processed Entries: 10560000
Processed Entries: 10570000
Processed Entries: 10580000
Processed Entries: 10590000
Processed Entries: 10600000
Processed Entries: 10610000
Processed Entries: 10620000
Processed Entries: 10630000
Processed Entries: 10640000
Processed Entries: 10650000
Processed Entries: 10660000
Processed Entries: 10670000
Processed Entries: 10680000
Processed Entries: 10690000
Processed Entries: 10700000
Processed Entries: 10710000
Processed Entries: 10720000
Processed Entries: 10730000
Processed Entries: 10740000
Processed Entries: 10750000
Processed Entries: 10760000
Processed Entries: 10770000
Processed Entries: 10780000
Processed Entries: 10790000
Processed Entries: 10800000
Processed Entries: 10810000
Processed Entries: 10820000
Processed Entries: 10830000
Processed Entries: 10840000
Processed Entries: 10850000
Processed Entries: 10860000
Processed Entries: 10870000
Processed Entries: 10880000
Processed Entries: 10890000
Processed Entries: 10900000
Processed Entries: 10910000
Processed Entries: 10920000
Processed Entries: 10930000
Processed Entries: 10940000
Processed Entries: 10950000
Processed Entries: 10960000
Processed Entries: 10970000
Processed Entries: 10980000
Processed Entries: 10990000
Processed Entries: 11000000
Processed Entries: 11010000
Processed Entries: 11020000
Processed Entries: 11030000
Processed Entries: 11040000
Processed Entries: 11050000
Processed Entries: 11060000
Processed Entries: 11070000
Processed Entries: 11080000
Processed Entries: 11090000
Processed Entries: 11100000
Processed Entries: 11110000
Processed Entries: 11120000
Processed Entries: 11130000
Processed Entries: 11140000
Processed Entries: 11150000
Processed Entries: 11160000
Processed Entries: 11170000
Processed Entries: 11180000
Processed Entries: 11190000
Processed Entries: 11200000
Processed Entries: 11210000
Processed Entries: 11220000
Processed Entries: 11230000
Processed Entries: 11240000
Processed Entries: 11250000
Processed Entries: 11260000
Processed Entries: 11270000
Processed Entries: 11280000
Processed Entries: 11290000
Processed Entries: 11300000
Processed Entries: 11310000
Processed Entries: 11320000
Processed Entries: 11330000
Processed Entries: 11340000
Processed Entries: 11350000
Processed Entries: 11360000
Processed Entries: 11370000
Processed Entries: 11380000
Processed Entries: 11390000
Processed Entries: 11400000
Processed Entries: 11410000
Processed Entries: 11420000
Processed Entries: 11430000
Processed Entries: 11440000
Processed Entries: 11450000
Processed Entries: 11460000
Processed Entries: 11470000
Processed Entries: 11480000
Processed Entries: 11490000
Processed Entries: 11500000
Processed Entries: 11510000
Processed Entries: 11520000
Processed Entries: 11530000
Processed Entries: 11540000
Processed Entries: 11550000
Processed Entries: 11560000
Processed Entries: 11570000
Processed Entries: 11580000
Processed Entries: 11590000
Processed Entries: 11600000
Processed Entries: 11610000
Processed Entries: 11620000
Processed Entries: 11630000
Processed Entries: 11640000
Processed Entries: 11650000
Processed Entries: 11660000
Processed Entries: 11670000
Processed Entries: 11680000
Processed Entries: 11690000
Processed Entries: 11700000
Processed Entries: 11710000
Processed Entries: 11720000
Processed Entries: 11730000
Processed Entries: 11740000
Processed Entries: 11750000
Processed Entries: 11760000
Processed Entries: 11770000
Processed Entries: 11780000
Processed Entries: 11790000
Processed Entries: 11800000
Processed Entries: 11810000
Processed Entries: 11820000
Processed Entries: 11830000
Processed Entries: 11840000
Processed Entries: 11850000
Processed Entries: 11860000
Processed Entries: 11870000
Processed Entries: 11880000
Processed Entries: 11890000
Processed Entries: 11900000
Processed Entries: 11910000
Processed Entries: 11920000
Processed Entries: 11930000
Processed Entries: 11940000
Processed Entries: 11950000
Processed Entries: 11960000
Processed Entries: 11970000
Processed Entries: 11980000
Processed Entries: 11990000
Processed Entries: 12000000
Processed Entries: 12010000
Processed Entries: 12020000
Processed Entries: 12030000
Processed Entries: 12040000
Processed Entries: 12050000
Processed Entries: 12060000
Processed Entries: 12070000
Processed Entries: 12080000
Processed Entries: 12090000
Processed Entries: 12100000
Processed Entries: 12110000
Processed Entries: 12120000
Processed Entries: 12130000
Processed Entries: 12140000
Processed Entries: 12150000
Processed Entries: 12160000
Processed Entries: 12170000
Processed Entries: 12180000
Processed Entries: 12190000
Processed Entries: 12200000
Processed Entries: 12210000
Processed Entries: 12220000
Processed Entries: 12230000
Processed Entries: 12240000
Processed Entries: 12250000
Processed Entries: 12260000
Processed Entries: 12270000
Processed Entries: 12280000
Processed Entries: 12290000
Processed Entries: 12300000
Processed Entries: 12310000
Processed Entries: 12320000
Processed Entries: 12330000
Processed Entries: 12340000
Processed Entries: 12350000
Processed Entries: 12360000
Processed Entries: 12370000
Processed Entries: 12380000
Processed Entries: 12390000
Processed Entries: 12400000
Processed Entries: 12410000
Processed Entries: 12420000
Processed Entries: 12430000
Processed Entries: 12440000
Processed Entries: 12450000
Processed Entries: 12460000
Processed Entries: 12470000
Processed Entries: 12480000
Processed Entries: 12490000
Processed Entries: 12500000
Processed Entries: 12510000
Processed Entries: 12520000
Processed Entries: 12530000
Processed Entries: 12540000
Processed Entries: 12550000
Processed Entries: 12560000
Processed Entries: 12570000
Processed Entries: 12580000
Processed Entries: 12590000
Processed Entries: 12600000
Processed Entries: 12610000
Processed Entries: 12620000
Processed Entries: 12630000
Processed Entries: 12640000
Processed Entries: 12650000
Processed Entries: 12660000
Processed Entries: 12670000
Processed Entries: 12680000
Processed Entries: 12690000
Processed Entries: 12700000
Processed Entries: 12710000
Processed Entries: 12720000
Processed Entries: 12730000
Processed Entries: 12740000
Processed Entries: 12750000
Processed Entries: 12760000
Processed Entries: 12770000
Processed Entries: 12780000
Processed Entries: 12790000
Processed Entries: 12800000
Processed Entries: 12810000
Processed Entries: 12820000
Processed Entries: 12830000
Processed Entries: 12840000
Processed Entries: 12850000
Processed Entries: 12860000
Processed Entries: 12870000
Processed Entries: 12880000
Processed Entries: 12890000
Processed Entries: 12900000
Processed Entries: 12910000
Processed Entries: 12920000
Processed Entries: 12930000
Processed Entries: 12940000
Processed Entries: 12950000
Processed Entries: 12960000
Processed Entries: 12970000
Processed Entries: 12980000
Processed Entries: 12990000
Processed Entries: 13000000
Processed Entries: 13010000
Processed Entries: 13020000
Processed Entries: 13030000
Processed Entries: 13040000
Processed Entries: 13050000
Processed Entries: 13060000
Processed Entries: 13070000
Processed Entries: 13080000
Processed Entries: 13090000
Processed Entries: 13100000
Processed Entries: 13110000
Processed Entries: 13120000
Processed Entries: 13130000
Processed Entries: 13140000
Processed Entries: 13150000
Processed Entries: 13160000
Processed Entries: 13170000
Processed Entries: 13180000
Processed Entries: 13190000
Processed Entries: 13200000
Processed Entries: 13210000
Processed Entries: 13220000
Processed Entries: 13230000
Processed Entries: 13240000
Processed Entries: 13250000
Processed Entries: 13260000
Processed Entries: 13270000
Processed Entries: 13280000
Processed Entries: 13290000
Processed Entries: 13300000
Processed Entries: 13310000
Processed Entries: 13320000
Processed Entries: 13330000
Processed Entries: 13340000
Processed Entries: 13350000
Processed Entries: 13360000
Processed Entries: 13370000
Processed Entries: 13380000
Processed Entries: 13390000
Processed Entries: 13400000
Processed Entries: 13410000
Processed Entries: 13420000
Processed Entries: 13430000
Processed Entries: 13440000
Processed Entries: 13450000
Processed Entries: 13460000
Processed Entries: 13470000
Processed Entries: 13480000
Processed Entries: 13490000
Processed Entries: 13500000
Processed Entries: 13510000
Processed Entries: 13520000
Processed Entries: 13530000
Processed Entries: 13540000
Processed Entries: 13550000
Processed Entries: 13560000
Processed Entries: 13570000
Processed Entries: 13580000
Processed Entries: 13590000
Processed Entries: 13600000
Processed Entries: 13610000
Processed Entries: 13620000
Processed Entries: 13630000
Processed Entries: 13640000
Processed Entries: 13650000
Processed Entries: 13660000
Processed Entries: 13670000
Processed Entries: 13680000
Processed Entries: 13690000
Processed Entries: 13700000
Processed Entries: 13710000
Processed Entries: 13720000
Processed Entries: 13730000
Processed Entries: 13740000
Processed Entries: 13750000
Processed Entries: 13760000
Processed Entries: 13770000
Processed Entries: 13780000
Processed Entries: 13790000
Processed Entries: 13800000
Processed Entries: 13810000
Processed Entries: 13820000
Processed Entries: 13830000
Processed Entries: 13840000
Processed Entries: 13850000
Processed Entries: 13860000
Processed Entries: 13870000
Processed Entries: 13880000
Processed Entries: 13890000
Processed Entries: 13900000
Processed Entries: 13910000
Processed Entries: 13920000
Processed Entries: 13930000
Processed Entries: 13940000
Processed Entries: 13950000
Processed Entries: 13960000
Processed Entries: 13970000
Processed Entries: 13980000
Processed Entries: 13990000
Processed Entries: 14000000
Processed Entries: 14010000
Processed Entries: 14020000
Processed Entries: 14030000
Processed Entries: 14040000
Processed Entries: 14050000
Processed Entries: 14060000
Processed Entries: 14070000
Processed Entries: 14080000
Processed Entries: 14090000
Processed Entries: 14100000
Processed Entries: 14110000
Processed Entries: 14120000
Processed Entries: 14130000
Processed Entries: 14140000
Processed Entries: 14150000
Processed Entries: 14160000
Processed Entries: 14170000
Processed Entries: 14180000
Processed Entries: 14190000
Processed Entries: 14200000
Processed Entries: 14210000
Processed Entries: 14220000
Processed Entries: 14230000
14235589 events processed
Statistics Summary
==================
Total Events	14235589	(1)
Electron ID (All)	5985730	(0.420476)
Electron ID (Mom)	13768846	(0.967213)
Electron ID (CCnphe)	10700009	(0.751638)
Electron ID (ECPvsP)	8511510	(0.597904)
Electron ID (ECin)	11473476	(0.805971)
Electron ID (dtECSC)	12728744	(0.894149)
Electron ID (ECfid)	11047534	(0.77605)
Photon ID (All)	6140480	(0.431347)
Photon ID (Mom)	10325833	(0.725353)
Photon ID (Beta)	14234233	(0.999905)
Photon ID (Timing)	12757625	(0.896178)
Photon ID (ECfid)	11905568	(0.836324)
Photon ID (TOF Msq)	11419115	(0.802153)
Charged Pion ID (All)	3253819	(0.228569)
Pos. Pion ID (dBeta)	6674612	(0.468868)
Neg. Pion ID (dBeta)	5890690	(0.4138)
Omega ID (All)	160417	(0.0112687)
Omega ID (Mpi0)	564374	(0.0396453)
Omega ID (Q2)	873151	(0.0613358)
Omega ID (W)	873151	(0.0613358)
Omega ID (MPipPim)	812788	(0.0570955)
Omega ID (Zmatch)	301117	(0.0211524)
Omega ID (OpAngElectron)	728147	(0.0511498)
Omega ID (NumDetPart)	70180	(0.0049299)
Omega ID (ProtonInEvt)	397025	(0.0278896)
Omega ID (PartComb)	279662	(0.0196453)

Completed in 24 minutes and 23.2861 seconds.

