./ctProcess_omega -T12 -octProcess_omega_carbon_v1.root PipPimPi0_clas_carbon.pass2.v1.root 
Analyzing file PipPimPi0_clas_carbon.pass2.v1.root
EG2 Cut Info
=========================
NoCuts	
MassPi0	[0.059,0.209] (GeV/c^2)
QSquared	[1,100000] (GeV^2)
Wcut	[2,100000] (GeV)
ZDiff_Electron_PiMinus	[-2,2] (cm)
ZDiff_Electron_PiPlus	[-2,2] (cm)
OpAng_ElecPhoton	[12,180] (deg.)
MassPipPim	[0.48,0.51] (GeV/c^2)
NumDetPart	
MassOmega	[0.7,0.875] (GeV/c^2)
MassOmega_sideband	[0.61,0.7 or 0.875,0.965] (GeV/c^2)
Dalitz	
ProtonInEvt	

Mixed Event Info
=========================
Method 1	Mixing Photon 1
Method 2	Mixing Photon 2
Method 3	Mixing pi+
Method 4	Mixing pi-
Method 5	Mixing pi0
Event type 1	In Time Event
Event type 2	Out of Time Event

Entries: 1609319
Processed Entries: 0
Processed Entries: 1000
Processed Entries: 2000
Processed Entries: 3000
Processed Entries: 4000
Processed Entries: 5000
Processed Entries: 6000
Processed Entries: 7000
Processed Entries: 8000
Processed Entries: 9000
Processed Entries: 10000
Processed Entries: 11000
Processed Entries: 12000
Processed Entries: 13000
Processed Entries: 14000
Processed Entries: 15000
Processed Entries: 16000
Processed Entries: 17000
Processed Entries: 18000
Processed Entries: 19000
Processed Entries: 20000
Processed Entries: 21000
Processed Entries: 22000
Processed Entries: 23000
Processed Entries: 24000
Processed Entries: 25000
Processed Entries: 26000
Processed Entries: 27000
Processed Entries: 28000
Processed Entries: 29000
Processed Entries: 30000
Processed Entries: 31000
Processed Entries: 32000
Processed Entries: 33000
Processed Entries: 34000
Processed Entries: 35000
Processed Entries: 36000
Processed Entries: 37000
Processed Entries: 38000
Processed Entries: 39000
Processed Entries: 40000
Processed Entries: 41000
Processed Entries: 42000
Processed Entries: 43000
Processed Entries: 44000
Processed Entries: 45000
Processed Entries: 46000
Processed Entries: 47000
Processed Entries: 48000
Processed Entries: 49000
Processed Entries: 50000
Processed Entries: 51000
Processed Entries: 52000
Processed Entries: 53000
Processed Entries: 54000
Processed Entries: 55000
Processed Entries: 56000
Processed Entries: 57000
Processed Entries: 58000
Processed Entries: 59000
Processed Entries: 60000
Processed Entries: 61000
Processed Entries: 62000
Processed Entries: 63000
Processed Entries: 64000
Processed Entries: 65000
Processed Entries: 66000
Processed Entries: 67000
Processed Entries: 68000
Processed Entries: 69000
Processed Entries: 70000
Processed Entries: 71000
Processed Entries: 72000
Processed Entries: 73000
Processed Entries: 74000
Processed Entries: 75000
Processed Entries: 76000
Processed Entries: 77000
Processed Entries: 78000
Processed Entries: 79000
Processed Entries: 80000
Processed Entries: 81000
Processed Entries: 82000
Processed Entries: 83000
Processed Entries: 84000
Processed Entries: 85000
Processed Entries: 86000
Processed Entries: 87000
Processed Entries: 88000
Processed Entries: 89000
Processed Entries: 90000
Processed Entries: 91000
Processed Entries: 92000
Processed Entries: 93000
Processed Entries: 94000
Processed Entries: 95000
Processed Entries: 96000
Processed Entries: 97000
Processed Entries: 98000
Processed Entries: 99000
Processed Entries: 100000
Processed Entries: 101000
Processed Entries: 102000
Processed Entries: 103000
Processed Entries: 104000
Processed Entries: 105000
Processed Entries: 106000
Processed Entries: 107000
Processed Entries: 108000
Processed Entries: 109000
Processed Entries: 110000
Processed Entries: 111000
Processed Entries: 112000
Processed Entries: 113000
Processed Entries: 114000
Processed Entries: 115000
Processed Entries: 116000
Processed Entries: 117000
Processed Entries: 118000
Processed Entries: 119000
Processed Entries: 120000
Processed Entries: 121000
Processed Entries: 122000
Processed Entries: 123000
Processed Entries: 124000
Processed Entries: 125000
Processed Entries: 126000
Processed Entries: 127000
Processed Entries: 128000
Processed Entries: 129000
Processed Entries: 130000
Processed Entries: 131000
Processed Entries: 132000
Processed Entries: 133000
Processed Entries: 134000
Processed Entries: 135000
Processed Entries: 136000
Processed Entries: 137000
Processed Entries: 138000
Processed Entries: 139000
Processed Entries: 140000
Processed Entries: 141000
Processed Entries: 142000
Processed Entries: 143000
Processed Entries: 144000
Processed Entries: 145000
Processed Entries: 146000
Processed Entries: 147000
Processed Entries: 148000
Processed Entries: 149000
Processed Entries: 150000
Processed Entries: 151000
Processed Entries: 152000
Processed Entries: 153000
Processed Entries: 154000
Processed Entries: 155000
Processed Entries: 156000
Processed Entries: 157000
Processed Entries: 158000
Processed Entries: 159000
Processed Entries: 160000
Processed Entries: 161000
Processed Entries: 162000
Processed Entries: 163000
Processed Entries: 164000
Processed Entries: 165000
Processed Entries: 166000
Processed Entries: 167000
Processed Entries: 168000
Processed Entries: 169000
Processed Entries: 170000
Processed Entries: 171000
Processed Entries: 172000
Processed Entries: 173000
Processed Entries: 174000
Processed Entries: 175000
Processed Entries: 176000
Processed Entries: 177000
Processed Entries: 178000
Processed Entries: 179000
Processed Entries: 180000
Processed Entries: 181000
Processed Entries: 182000
Processed Entries: 183000
Processed Entries: 184000
Processed Entries: 185000
Processed Entries: 186000
Processed Entries: 187000
Processed Entries: 188000
Processed Entries: 189000
Processed Entries: 190000
Processed Entries: 191000
Processed Entries: 192000
Processed Entries: 193000
Processed Entries: 194000
Processed Entries: 195000
Processed Entries: 196000
Processed Entries: 197000
Processed Entries: 198000
Processed Entries: 199000
Processed Entries: 200000
Processed Entries: 201000
Processed Entries: 202000
Processed Entries: 203000
Processed Entries: 204000
Processed Entries: 205000
Processed Entries: 206000
Processed Entries: 207000
Processed Entries: 208000
Processed Entries: 209000
Processed Entries: 210000
Processed Entries: 211000
Processed Entries: 212000
Processed Entries: 213000
Processed Entries: 214000
Processed Entries: 215000
Processed Entries: 216000
Processed Entries: 217000
Processed Entries: 218000
Processed Entries: 219000
Processed Entries: 220000
Processed Entries: 221000
Processed Entries: 222000
Processed Entries: 223000
Processed Entries: 224000
Processed Entries: 225000
Processed Entries: 226000
Processed Entries: 227000
Processed Entries: 228000
Processed Entries: 229000
Processed Entries: 230000
Processed Entries: 231000
Processed Entries: 232000
Processed Entries: 233000
Processed Entries: 234000
Processed Entries: 235000
Processed Entries: 236000
Processed Entries: 237000
Processed Entries: 238000
Processed Entries: 239000
Processed Entries: 240000
Processed Entries: 241000
Processed Entries: 242000
Processed Entries: 243000
Processed Entries: 244000
Processed Entries: 245000
Processed Entries: 246000
Processed Entries: 247000
Processed Entries: 248000
Processed Entries: 249000
Processed Entries: 250000
Processed Entries: 251000
Processed Entries: 252000
Processed Entries: 253000
Processed Entries: 254000
Processed Entries: 255000
Processed Entries: 256000
Processed Entries: 257000
Processed Entries: 258000
Processed Entries: 259000
Processed Entries: 260000
Processed Entries: 261000
Processed Entries: 262000
Processed Entries: 263000
Processed Entries: 264000
Processed Entries: 265000
Processed Entries: 266000
Processed Entries: 267000
Processed Entries: 268000
Processed Entries: 269000
Processed Entries: 270000
Processed Entries: 271000
Processed Entries: 272000
Processed Entries: 273000
Processed Entries: 274000
Processed Entries: 275000
Processed Entries: 276000
Processed Entries: 277000
Processed Entries: 278000
Processed Entries: 279000
Processed Entries: 280000
Processed Entries: 281000
Processed Entries: 282000
Processed Entries: 283000
Processed Entries: 284000
Processed Entries: 285000
Processed Entries: 286000
Processed Entries: 287000
Processed Entries: 288000
Processed Entries: 289000
Processed Entries: 290000
Processed Entries: 291000
Processed Entries: 292000
Processed Entries: 293000
Processed Entries: 294000
Processed Entries: 295000
Processed Entries: 296000
Processed Entries: 297000
Processed Entries: 298000
Processed Entries: 299000
Processed Entries: 300000
Processed Entries: 301000
Processed Entries: 302000
Processed Entries: 303000
Processed Entries: 304000
Processed Entries: 305000
Processed Entries: 306000
Processed Entries: 307000
Processed Entries: 308000
Processed Entries: 309000
Processed Entries: 310000
Processed Entries: 311000
Processed Entries: 312000
Processed Entries: 313000
Processed Entries: 314000
Processed Entries: 315000
Processed Entries: 316000
Processed Entries: 317000
Processed Entries: 318000
Processed Entries: 319000
Processed Entries: 320000
Processed Entries: 321000
Processed Entries: 322000
Processed Entries: 323000
Processed Entries: 324000
Processed Entries: 325000
Processed Entries: 326000
Processed Entries: 327000
Processed Entries: 328000
Processed Entries: 329000
Processed Entries: 330000
Processed Entries: 331000
Processed Entries: 332000
Processed Entries: 333000
Processed Entries: 334000
Processed Entries: 335000
Processed Entries: 336000
Processed Entries: 337000
Processed Entries: 338000
Processed Entries: 339000
Processed Entries: 340000
Processed Entries: 341000
Processed Entries: 342000
Processed Entries: 343000
Processed Entries: 344000
Processed Entries: 345000
Processed Entries: 346000
Processed Entries: 347000
Processed Entries: 348000
Processed Entries: 349000
Processed Entries: 350000
Processed Entries: 351000
Processed Entries: 352000
Processed Entries: 353000
Processed Entries: 354000
Processed Entries: 355000
Processed Entries: 356000
Processed Entries: 357000
Processed Entries: 358000
Processed Entries: 359000
Processed Entries: 360000
Processed Entries: 361000
Processed Entries: 362000
Processed Entries: 363000
Processed Entries: 364000
Processed Entries: 365000
Processed Entries: 366000
Processed Entries: 367000
Processed Entries: 368000
Processed Entries: 369000
Processed Entries: 370000
Processed Entries: 371000
Processed Entries: 372000
Processed Entries: 373000
Processed Entries: 374000
Processed Entries: 375000
Processed Entries: 376000
Processed Entries: 377000
Processed Entries: 378000
Processed Entries: 379000
Processed Entries: 380000
Processed Entries: 381000
Processed Entries: 382000
Processed Entries: 383000
Processed Entries: 384000
Processed Entries: 385000
Processed Entries: 386000
Processed Entries: 387000
Processed Entries: 388000
Processed Entries: 389000
Processed Entries: 390000
Processed Entries: 391000
Processed Entries: 392000
Processed Entries: 393000
Processed Entries: 394000
Processed Entries: 395000
Processed Entries: 396000
Processed Entries: 397000
Processed Entries: 398000
Processed Entries: 399000
Processed Entries: 400000
Processed Entries: 401000
Processed Entries: 402000
Processed Entries: 403000
Processed Entries: 404000
Processed Entries: 405000
Processed Entries: 406000
Processed Entries: 407000
Processed Entries: 408000
Processed Entries: 409000
Processed Entries: 410000
Processed Entries: 411000
Processed Entries: 412000
Processed Entries: 413000
Processed Entries: 414000
Processed Entries: 415000
Processed Entries: 416000
Processed Entries: 417000
Processed Entries: 418000
Processed Entries: 419000
Processed Entries: 420000
Processed Entries: 421000
Processed Entries: 422000
Processed Entries: 423000
Processed Entries: 424000
Processed Entries: 425000
Processed Entries: 426000
Processed Entries: 427000
Processed Entries: 428000
Processed Entries: 429000
Processed Entries: 430000
Processed Entries: 431000
Processed Entries: 432000
Processed Entries: 433000
Processed Entries: 434000
Processed Entries: 435000
Processed Entries: 436000
Processed Entries: 437000
Processed Entries: 438000
Processed Entries: 439000
Processed Entries: 440000
Processed Entries: 441000
Processed Entries: 442000
Processed Entries: 443000
Processed Entries: 444000
Processed Entries: 445000
Processed Entries: 446000
Processed Entries: 447000
Processed Entries: 448000
Processed Entries: 449000
Processed Entries: 450000
Processed Entries: 451000
Processed Entries: 452000
Processed Entries: 453000
Processed Entries: 454000
Processed Entries: 455000
Processed Entries: 456000
Processed Entries: 457000
Processed Entries: 458000
Processed Entries: 459000
Processed Entries: 460000
Processed Entries: 461000
Processed Entries: 462000
Processed Entries: 463000
Processed Entries: 464000
Processed Entries: 465000
Processed Entries: 466000
Processed Entries: 467000
Processed Entries: 468000
Processed Entries: 469000
Processed Entries: 470000
Processed Entries: 471000
Processed Entries: 472000
Processed Entries: 473000
Processed Entries: 474000
Processed Entries: 475000
Processed Entries: 476000
Processed Entries: 477000
Processed Entries: 478000
Processed Entries: 479000
Processed Entries: 480000
Processed Entries: 481000
Processed Entries: 482000
Processed Entries: 483000
Processed Entries: 484000
Processed Entries: 485000
Processed Entries: 486000
Processed Entries: 487000
Processed Entries: 488000
Processed Entries: 489000
Processed Entries: 490000
Processed Entries: 491000
Processed Entries: 492000
Processed Entries: 493000
Processed Entries: 494000
Processed Entries: 495000
Processed Entries: 496000
Processed Entries: 497000
Processed Entries: 498000
Processed Entries: 499000
Processed Entries: 500000
Processed Entries: 501000
Processed Entries: 502000
Processed Entries: 503000
Processed Entries: 504000
Processed Entries: 505000
Processed Entries: 506000
Processed Entries: 507000
Processed Entries: 508000
Processed Entries: 509000
Processed Entries: 510000
Processed Entries: 511000
Processed Entries: 512000
Processed Entries: 513000
Processed Entries: 514000
Processed Entries: 515000
Processed Entries: 516000
Processed Entries: 517000
Processed Entries: 518000
Processed Entries: 519000
Processed Entries: 520000
Processed Entries: 521000
Processed Entries: 522000
Processed Entries: 523000
Processed Entries: 524000
Processed Entries: 525000
Processed Entries: 526000
Processed Entries: 527000
Processed Entries: 528000
Processed Entries: 529000
Processed Entries: 530000
Processed Entries: 531000
Processed Entries: 532000
Processed Entries: 533000
Processed Entries: 534000
Processed Entries: 535000
Processed Entries: 536000
Processed Entries: 537000
Processed Entries: 538000
Processed Entries: 539000
Processed Entries: 540000
Processed Entries: 541000
Processed Entries: 542000
Processed Entries: 543000
Processed Entries: 544000
Processed Entries: 545000
Processed Entries: 546000
Processed Entries: 547000
Processed Entries: 548000
Processed Entries: 549000
Processed Entries: 550000
Processed Entries: 551000
Processed Entries: 552000
Processed Entries: 553000
Processed Entries: 554000
Processed Entries: 555000
Processed Entries: 556000
Processed Entries: 557000
Processed Entries: 558000
Processed Entries: 559000
Processed Entries: 560000
Processed Entries: 561000
Processed Entries: 562000
Processed Entries: 563000
Processed Entries: 564000
Processed Entries: 565000
Processed Entries: 566000
Processed Entries: 567000
Processed Entries: 568000
Processed Entries: 569000
Processed Entries: 570000
Processed Entries: 571000
Processed Entries: 572000
Processed Entries: 573000
Processed Entries: 574000
Processed Entries: 575000
Processed Entries: 576000
Processed Entries: 577000
Processed Entries: 578000
Processed Entries: 579000
Processed Entries: 580000
Processed Entries: 581000
Processed Entries: 582000
Processed Entries: 583000
Processed Entries: 584000
Processed Entries: 585000
Processed Entries: 586000
Processed Entries: 587000
Processed Entries: 588000
Processed Entries: 589000
Processed Entries: 590000
Processed Entries: 591000
Processed Entries: 592000
Processed Entries: 593000
Processed Entries: 594000
Processed Entries: 595000
Processed Entries: 596000
Processed Entries: 597000
Processed Entries: 598000
Processed Entries: 599000
Processed Entries: 600000
Processed Entries: 601000
Processed Entries: 602000
Processed Entries: 603000
Processed Entries: 604000
Processed Entries: 605000
Processed Entries: 606000
Processed Entries: 607000
Processed Entries: 608000
Processed Entries: 609000
Processed Entries: 610000
Processed Entries: 611000
Processed Entries: 612000
Processed Entries: 613000
Processed Entries: 614000
Processed Entries: 615000
Processed Entries: 616000
Processed Entries: 617000
Processed Entries: 618000
Processed Entries: 619000
Processed Entries: 620000
Processed Entries: 621000
Processed Entries: 622000
Processed Entries: 623000
Processed Entries: 624000
Processed Entries: 625000
Processed Entries: 626000
Processed Entries: 627000
Processed Entries: 628000
Processed Entries: 629000
Processed Entries: 630000
Processed Entries: 631000
Processed Entries: 632000
Processed Entries: 633000
Processed Entries: 634000
Processed Entries: 635000
Processed Entries: 636000
Processed Entries: 637000
Processed Entries: 638000
Processed Entries: 639000
Processed Entries: 640000
Processed Entries: 641000
Processed Entries: 642000
Processed Entries: 643000
Processed Entries: 644000
Processed Entries: 645000
Processed Entries: 646000
Processed Entries: 647000
Processed Entries: 648000
Processed Entries: 649000
Processed Entries: 650000
Processed Entries: 651000
Processed Entries: 652000
Processed Entries: 653000
Processed Entries: 654000
Processed Entries: 655000
Processed Entries: 656000
Processed Entries: 657000
Processed Entries: 658000
Processed Entries: 659000
Processed Entries: 660000
Processed Entries: 661000
Processed Entries: 662000
Processed Entries: 663000
Processed Entries: 664000
Processed Entries: 665000
Processed Entries: 666000
Processed Entries: 667000
Processed Entries: 668000
Processed Entries: 669000
Processed Entries: 670000
Processed Entries: 671000
Processed Entries: 672000
Processed Entries: 673000
Processed Entries: 674000
Processed Entries: 675000
Processed Entries: 676000
Processed Entries: 677000
Processed Entries: 678000
Processed Entries: 679000
Processed Entries: 680000
Processed Entries: 681000
Processed Entries: 682000
Processed Entries: 683000
Processed Entries: 684000
Processed Entries: 685000
Processed Entries: 686000
Processed Entries: 687000
Processed Entries: 688000
Processed Entries: 689000
Processed Entries: 690000
Processed Entries: 691000
Processed Entries: 692000
Processed Entries: 693000
Processed Entries: 694000
Processed Entries: 695000
Processed Entries: 696000
Processed Entries: 697000
Processed Entries: 698000
Processed Entries: 699000
Processed Entries: 700000
Processed Entries: 701000
Processed Entries: 702000
Processed Entries: 703000
Processed Entries: 704000
Processed Entries: 705000
Processed Entries: 706000
Processed Entries: 707000
Processed Entries: 708000
Processed Entries: 709000
Processed Entries: 710000
Processed Entries: 711000
Processed Entries: 712000
Processed Entries: 713000
Processed Entries: 714000
Processed Entries: 715000
Processed Entries: 716000
Processed Entries: 717000
Processed Entries: 718000
Processed Entries: 719000
Processed Entries: 720000
Processed Entries: 721000
Processed Entries: 722000
Processed Entries: 723000
Processed Entries: 724000
Processed Entries: 725000
Processed Entries: 726000
Processed Entries: 727000
Processed Entries: 728000
Processed Entries: 729000
Processed Entries: 730000
Processed Entries: 731000
Processed Entries: 732000
Processed Entries: 733000
Processed Entries: 734000
Processed Entries: 735000
Processed Entries: 736000
Processed Entries: 737000
Processed Entries: 738000
Processed Entries: 739000
Processed Entries: 740000
Processed Entries: 741000
Processed Entries: 742000
Processed Entries: 743000
Processed Entries: 744000
Processed Entries: 745000
Processed Entries: 746000
Processed Entries: 747000
Processed Entries: 748000
Processed Entries: 749000
Processed Entries: 750000
Processed Entries: 751000
Processed Entries: 752000
Processed Entries: 753000
Processed Entries: 754000
Processed Entries: 755000
Processed Entries: 756000
Processed Entries: 757000
Processed Entries: 758000
Processed Entries: 759000
Processed Entries: 760000
Processed Entries: 761000
Processed Entries: 762000
Processed Entries: 763000
Processed Entries: 764000
Processed Entries: 765000
Processed Entries: 766000
Processed Entries: 767000
Processed Entries: 768000
Processed Entries: 769000
Processed Entries: 770000
Processed Entries: 771000
Processed Entries: 772000
Processed Entries: 773000
Processed Entries: 774000
Processed Entries: 775000
Processed Entries: 776000
Processed Entries: 777000
Processed Entries: 778000
Processed Entries: 779000
Processed Entries: 780000
Processed Entries: 781000
Processed Entries: 782000
Processed Entries: 783000
Processed Entries: 784000
Processed Entries: 785000
Processed Entries: 786000
Processed Entries: 787000
Processed Entries: 788000
Processed Entries: 789000
Processed Entries: 790000
Processed Entries: 791000
Processed Entries: 792000
Processed Entries: 793000
Processed Entries: 794000
Processed Entries: 795000
Processed Entries: 796000
Processed Entries: 797000
Processed Entries: 798000
Processed Entries: 799000
Processed Entries: 800000
Processed Entries: 801000
Processed Entries: 802000
Processed Entries: 803000
Processed Entries: 804000
Processed Entries: 805000
Processed Entries: 806000
Processed Entries: 807000
Processed Entries: 808000
Processed Entries: 809000
Processed Entries: 810000
Processed Entries: 811000
Processed Entries: 812000
Processed Entries: 813000
Processed Entries: 814000
Processed Entries: 815000
Processed Entries: 816000
Processed Entries: 817000
Processed Entries: 818000
Processed Entries: 819000
Processed Entries: 820000
Processed Entries: 821000
Processed Entries: 822000
Processed Entries: 823000
Processed Entries: 824000
Processed Entries: 825000
Processed Entries: 826000
Processed Entries: 827000
Processed Entries: 828000
Processed Entries: 829000
Processed Entries: 830000
Processed Entries: 831000
Processed Entries: 832000
Processed Entries: 833000
Processed Entries: 834000
Processed Entries: 835000
Processed Entries: 836000
Processed Entries: 837000
Processed Entries: 838000
Processed Entries: 839000
Processed Entries: 840000
Processed Entries: 841000
Processed Entries: 842000
Processed Entries: 843000
Processed Entries: 844000
Processed Entries: 845000
Processed Entries: 846000
Processed Entries: 847000
Processed Entries: 848000
Processed Entries: 849000
Processed Entries: 850000
Processed Entries: 851000
Processed Entries: 852000
Processed Entries: 853000
Processed Entries: 854000
Processed Entries: 855000
Processed Entries: 856000
Processed Entries: 857000
Processed Entries: 858000
Processed Entries: 859000
Processed Entries: 860000
Processed Entries: 861000
Processed Entries: 862000
Processed Entries: 863000
Processed Entries: 864000
Processed Entries: 865000
Processed Entries: 866000
Processed Entries: 867000
Processed Entries: 868000
Processed Entries: 869000
Processed Entries: 870000
Processed Entries: 871000
Processed Entries: 872000
Processed Entries: 873000
Processed Entries: 874000
Processed Entries: 875000
Processed Entries: 876000
Processed Entries: 877000
Processed Entries: 878000
Processed Entries: 879000
Processed Entries: 880000
Processed Entries: 881000
Processed Entries: 882000
Processed Entries: 883000
Processed Entries: 884000
Processed Entries: 885000
Processed Entries: 886000
Processed Entries: 887000
Processed Entries: 888000
Processed Entries: 889000
Processed Entries: 890000
Processed Entries: 891000
Processed Entries: 892000
Processed Entries: 893000
Processed Entries: 894000
Processed Entries: 895000
Processed Entries: 896000
Processed Entries: 897000
Processed Entries: 898000
Processed Entries: 899000
Processed Entries: 900000
Processed Entries: 901000
Processed Entries: 902000
Processed Entries: 903000
Processed Entries: 904000
Processed Entries: 905000
Processed Entries: 906000
Processed Entries: 907000
Processed Entries: 908000
Processed Entries: 909000
Processed Entries: 910000
Processed Entries: 911000
Processed Entries: 912000
Processed Entries: 913000
Processed Entries: 914000
Processed Entries: 915000
Processed Entries: 916000
Processed Entries: 917000
Processed Entries: 918000
Processed Entries: 919000
Processed Entries: 920000
Processed Entries: 921000
Processed Entries: 922000
Processed Entries: 923000
Processed Entries: 924000
Processed Entries: 925000
Processed Entries: 926000
Processed Entries: 927000
Processed Entries: 928000
Processed Entries: 929000
Processed Entries: 930000
Processed Entries: 931000
Processed Entries: 932000
Processed Entries: 933000
Processed Entries: 934000
Processed Entries: 935000
Processed Entries: 936000
Processed Entries: 937000
Processed Entries: 938000
Processed Entries: 939000
Processed Entries: 940000
Processed Entries: 941000
Processed Entries: 942000
Processed Entries: 943000
Processed Entries: 944000
Processed Entries: 945000
Processed Entries: 946000
Processed Entries: 947000
Processed Entries: 948000
Processed Entries: 949000
Processed Entries: 950000
Processed Entries: 951000
Processed Entries: 952000
Processed Entries: 953000
Processed Entries: 954000
Processed Entries: 955000
Processed Entries: 956000
Processed Entries: 957000
Processed Entries: 958000
Processed Entries: 959000
Processed Entries: 960000
Processed Entries: 961000
Processed Entries: 962000
Processed Entries: 963000
Processed Entries: 964000
Processed Entries: 965000
Processed Entries: 966000
Processed Entries: 967000
Processed Entries: 968000
Processed Entries: 969000
Processed Entries: 970000
Processed Entries: 971000
Processed Entries: 972000
Processed Entries: 973000
Processed Entries: 974000
Processed Entries: 975000
Processed Entries: 976000
Processed Entries: 977000
Processed Entries: 978000
Processed Entries: 979000
Processed Entries: 980000
Processed Entries: 981000
Processed Entries: 982000
Processed Entries: 983000
Processed Entries: 984000
Processed Entries: 985000
Processed Entries: 986000
Processed Entries: 987000
Processed Entries: 988000
Processed Entries: 989000
Processed Entries: 990000
Processed Entries: 991000
Processed Entries: 992000
Processed Entries: 993000
Processed Entries: 994000
Processed Entries: 995000
Processed Entries: 996000
Processed Entries: 997000
Processed Entries: 998000
Processed Entries: 999000
Processed Entries: 1000000
Processed Entries: 1001000
Processed Entries: 1002000
Processed Entries: 1003000
Processed Entries: 1004000
Processed Entries: 1005000
Processed Entries: 1006000
Processed Entries: 1007000
Processed Entries: 1008000
Processed Entries: 1009000
Processed Entries: 1010000
Processed Entries: 1011000
Processed Entries: 1012000
Processed Entries: 1013000
Processed Entries: 1014000
Processed Entries: 1015000
Processed Entries: 1016000
Processed Entries: 1017000
Processed Entries: 1018000
Processed Entries: 1019000
Processed Entries: 1020000
Processed Entries: 1021000
Processed Entries: 1022000
Processed Entries: 1023000
Processed Entries: 1024000
Processed Entries: 1025000
Processed Entries: 1026000
Processed Entries: 1027000
Processed Entries: 1028000
Processed Entries: 1029000
Processed Entries: 1030000
Processed Entries: 1031000
Processed Entries: 1032000
Processed Entries: 1033000
Processed Entries: 1034000
Processed Entries: 1035000
Processed Entries: 1036000
Processed Entries: 1037000
Processed Entries: 1038000
Processed Entries: 1039000
Processed Entries: 1040000
Processed Entries: 1041000
Processed Entries: 1042000
Processed Entries: 1043000
Processed Entries: 1044000
Processed Entries: 1045000
Processed Entries: 1046000
Processed Entries: 1047000
Processed Entries: 1048000
Processed Entries: 1049000
Processed Entries: 1050000
Processed Entries: 1051000
Processed Entries: 1052000
Processed Entries: 1053000
Processed Entries: 1054000
Processed Entries: 1055000
Processed Entries: 1056000
Processed Entries: 1057000
Processed Entries: 1058000
Processed Entries: 1059000
Processed Entries: 1060000
Processed Entries: 1061000
Processed Entries: 1062000
Processed Entries: 1063000
Processed Entries: 1064000
Processed Entries: 1065000
Processed Entries: 1066000
Processed Entries: 1067000
Processed Entries: 1068000
Processed Entries: 1069000
Processed Entries: 1070000
Processed Entries: 1071000
Processed Entries: 1072000
Processed Entries: 1073000
Processed Entries: 1074000
Processed Entries: 1075000
Processed Entries: 1076000
Processed Entries: 1077000
Processed Entries: 1078000
Processed Entries: 1079000
Processed Entries: 1080000
Processed Entries: 1081000
Processed Entries: 1082000
Processed Entries: 1083000
Processed Entries: 1084000
Processed Entries: 1085000
Processed Entries: 1086000
Processed Entries: 1087000
Processed Entries: 1088000
Processed Entries: 1089000
Processed Entries: 1090000
Processed Entries: 1091000
Processed Entries: 1092000
Processed Entries: 1093000
Processed Entries: 1094000
Processed Entries: 1095000
Processed Entries: 1096000
Processed Entries: 1097000
Processed Entries: 1098000
Processed Entries: 1099000
Processed Entries: 1100000
Processed Entries: 1101000
Processed Entries: 1102000
Processed Entries: 1103000
Processed Entries: 1104000
Processed Entries: 1105000
Processed Entries: 1106000
Processed Entries: 1107000
Processed Entries: 1108000
Processed Entries: 1109000
Processed Entries: 1110000
Processed Entries: 1111000
Processed Entries: 1112000
Processed Entries: 1113000
Processed Entries: 1114000
Processed Entries: 1115000
Processed Entries: 1116000
Processed Entries: 1117000
Processed Entries: 1118000
Processed Entries: 1119000
Processed Entries: 1120000
Processed Entries: 1121000
Processed Entries: 1122000
Processed Entries: 1123000
Processed Entries: 1124000
Processed Entries: 1125000
Processed Entries: 1126000
Processed Entries: 1127000
Processed Entries: 1128000
Processed Entries: 1129000
Processed Entries: 1130000
Processed Entries: 1131000
Processed Entries: 1132000
Processed Entries: 1133000
Processed Entries: 1134000
Processed Entries: 1135000
Processed Entries: 1136000
Processed Entries: 1137000
Processed Entries: 1138000
Processed Entries: 1139000
Processed Entries: 1140000
Processed Entries: 1141000
Processed Entries: 1142000
Processed Entries: 1143000
Processed Entries: 1144000
Processed Entries: 1145000
Processed Entries: 1146000
Processed Entries: 1147000
Processed Entries: 1148000
Processed Entries: 1149000
Processed Entries: 1150000
Processed Entries: 1151000
Processed Entries: 1152000
Processed Entries: 1153000
Processed Entries: 1154000
Processed Entries: 1155000
Processed Entries: 1156000
Processed Entries: 1157000
Processed Entries: 1158000
Processed Entries: 1159000
Processed Entries: 1160000
Processed Entries: 1161000
Processed Entries: 1162000
Processed Entries: 1163000
Processed Entries: 1164000
Processed Entries: 1165000
Processed Entries: 1166000
Processed Entries: 1167000
Processed Entries: 1168000
Processed Entries: 1169000
Processed Entries: 1170000
Processed Entries: 1171000
Processed Entries: 1172000
Processed Entries: 1173000
Processed Entries: 1174000
Processed Entries: 1175000
Processed Entries: 1176000
Processed Entries: 1177000
Processed Entries: 1178000
Processed Entries: 1179000
Processed Entries: 1180000
Processed Entries: 1181000
Processed Entries: 1182000
Processed Entries: 1183000
Processed Entries: 1184000
Processed Entries: 1185000
Processed Entries: 1186000
Processed Entries: 1187000
Processed Entries: 1188000
Processed Entries: 1189000
Processed Entries: 1190000
Processed Entries: 1191000
Processed Entries: 1192000
Processed Entries: 1193000
Processed Entries: 1194000
Processed Entries: 1195000
Processed Entries: 1196000
Processed Entries: 1197000
Processed Entries: 1198000
Processed Entries: 1199000
Processed Entries: 1200000
Processed Entries: 1201000
Processed Entries: 1202000
Processed Entries: 1203000
Processed Entries: 1204000
Processed Entries: 1205000
Processed Entries: 1206000
Processed Entries: 1207000
Processed Entries: 1208000
Processed Entries: 1209000
Processed Entries: 1210000
Processed Entries: 1211000
Processed Entries: 1212000
Processed Entries: 1213000
Processed Entries: 1214000
Processed Entries: 1215000
Processed Entries: 1216000
Processed Entries: 1217000
Processed Entries: 1218000
Processed Entries: 1219000
Processed Entries: 1220000
Processed Entries: 1221000
Processed Entries: 1222000
Processed Entries: 1223000
Processed Entries: 1224000
Processed Entries: 1225000
Processed Entries: 1226000
Processed Entries: 1227000
Processed Entries: 1228000
Processed Entries: 1229000
Processed Entries: 1230000
Processed Entries: 1231000
Processed Entries: 1232000
Processed Entries: 1233000
Processed Entries: 1234000
Processed Entries: 1235000
Processed Entries: 1236000
Processed Entries: 1237000
Processed Entries: 1238000
Processed Entries: 1239000
Processed Entries: 1240000
Processed Entries: 1241000
Processed Entries: 1242000
Processed Entries: 1243000
Processed Entries: 1244000
Processed Entries: 1245000
Processed Entries: 1246000
Processed Entries: 1247000
Processed Entries: 1248000
Processed Entries: 1249000
Processed Entries: 1250000
Processed Entries: 1251000
Processed Entries: 1252000
Processed Entries: 1253000
Processed Entries: 1254000
Processed Entries: 1255000
Processed Entries: 1256000
Processed Entries: 1257000
Processed Entries: 1258000
Processed Entries: 1259000
Processed Entries: 1260000
Processed Entries: 1261000
Processed Entries: 1262000
Processed Entries: 1263000
Processed Entries: 1264000
Processed Entries: 1265000
Processed Entries: 1266000
Processed Entries: 1267000
Processed Entries: 1268000
Processed Entries: 1269000
Processed Entries: 1270000
Processed Entries: 1271000
Processed Entries: 1272000
Processed Entries: 1273000
Processed Entries: 1274000
Processed Entries: 1275000
Processed Entries: 1276000
Processed Entries: 1277000
Processed Entries: 1278000
Processed Entries: 1279000
Processed Entries: 1280000
Processed Entries: 1281000
Processed Entries: 1282000
Processed Entries: 1283000
Processed Entries: 1284000
Processed Entries: 1285000
Processed Entries: 1286000
Processed Entries: 1287000
Processed Entries: 1288000
Processed Entries: 1289000
Processed Entries: 1290000
Processed Entries: 1291000
Processed Entries: 1292000
Processed Entries: 1293000
Processed Entries: 1294000
Processed Entries: 1295000
Processed Entries: 1296000
Processed Entries: 1297000
Processed Entries: 1298000
Processed Entries: 1299000
Processed Entries: 1300000
Processed Entries: 1301000
Processed Entries: 1302000
Processed Entries: 1303000
Processed Entries: 1304000
Processed Entries: 1305000
Processed Entries: 1306000
Processed Entries: 1307000
Processed Entries: 1308000
Processed Entries: 1309000
Processed Entries: 1310000
Processed Entries: 1311000
Processed Entries: 1312000
Processed Entries: 1313000
Processed Entries: 1314000
Processed Entries: 1315000
Processed Entries: 1316000
Processed Entries: 1317000
Processed Entries: 1318000
Processed Entries: 1319000
Processed Entries: 1320000
Processed Entries: 1321000
Processed Entries: 1322000
Processed Entries: 1323000
Processed Entries: 1324000
Processed Entries: 1325000
Processed Entries: 1326000
Processed Entries: 1327000
Processed Entries: 1328000
Processed Entries: 1329000
Processed Entries: 1330000
Processed Entries: 1331000
Processed Entries: 1332000
Processed Entries: 1333000
Processed Entries: 1334000
Processed Entries: 1335000
Processed Entries: 1336000
Processed Entries: 1337000
Processed Entries: 1338000
Processed Entries: 1339000
Processed Entries: 1340000
Processed Entries: 1341000
Processed Entries: 1342000
Processed Entries: 1343000
Processed Entries: 1344000
Processed Entries: 1345000
Processed Entries: 1346000
Processed Entries: 1347000
Processed Entries: 1348000
Processed Entries: 1349000
Processed Entries: 1350000
Processed Entries: 1351000
Processed Entries: 1352000
Processed Entries: 1353000
Processed Entries: 1354000
Processed Entries: 1355000
Processed Entries: 1356000
Processed Entries: 1357000
Processed Entries: 1358000
Processed Entries: 1359000
Processed Entries: 1360000
Processed Entries: 1361000
Processed Entries: 1362000
Processed Entries: 1363000
Processed Entries: 1364000
Processed Entries: 1365000
Processed Entries: 1366000
Processed Entries: 1367000
Processed Entries: 1368000
Processed Entries: 1369000
Processed Entries: 1370000
Processed Entries: 1371000
Processed Entries: 1372000
Processed Entries: 1373000
Processed Entries: 1374000
Processed Entries: 1375000
Processed Entries: 1376000
Processed Entries: 1377000
Processed Entries: 1378000
Processed Entries: 1379000
Processed Entries: 1380000
Processed Entries: 1381000
Processed Entries: 1382000
Processed Entries: 1383000
Processed Entries: 1384000
Processed Entries: 1385000
Processed Entries: 1386000
Processed Entries: 1387000
Processed Entries: 1388000
Processed Entries: 1389000
Processed Entries: 1390000
Processed Entries: 1391000
Processed Entries: 1392000
Processed Entries: 1393000
Processed Entries: 1394000
Processed Entries: 1395000
Processed Entries: 1396000
Processed Entries: 1397000
Processed Entries: 1398000
Processed Entries: 1399000
Processed Entries: 1400000
Processed Entries: 1401000
Processed Entries: 1402000
Processed Entries: 1403000
Processed Entries: 1404000
Processed Entries: 1405000
Processed Entries: 1406000
Processed Entries: 1407000
Processed Entries: 1408000
Processed Entries: 1409000
Processed Entries: 1410000
Processed Entries: 1411000
Processed Entries: 1412000
Processed Entries: 1413000
Processed Entries: 1414000
Processed Entries: 1415000
Processed Entries: 1416000
Processed Entries: 1417000
Processed Entries: 1418000
Processed Entries: 1419000
Processed Entries: 1420000
Processed Entries: 1421000
Processed Entries: 1422000
Processed Entries: 1423000
Processed Entries: 1424000
Processed Entries: 1425000
Processed Entries: 1426000
Processed Entries: 1427000
Processed Entries: 1428000
Processed Entries: 1429000
Processed Entries: 1430000
Processed Entries: 1431000
Processed Entries: 1432000
Processed Entries: 1433000
Processed Entries: 1434000
Processed Entries: 1435000
Processed Entries: 1436000
Processed Entries: 1437000
Processed Entries: 1438000
Processed Entries: 1439000
Processed Entries: 1440000
Processed Entries: 1441000
Processed Entries: 1442000
Processed Entries: 1443000
Processed Entries: 1444000
Processed Entries: 1445000
Processed Entries: 1446000
Processed Entries: 1447000
Processed Entries: 1448000
Processed Entries: 1449000
Processed Entries: 1450000
Processed Entries: 1451000
Processed Entries: 1452000
Processed Entries: 1453000
Processed Entries: 1454000
Processed Entries: 1455000
Processed Entries: 1456000
Processed Entries: 1457000
Processed Entries: 1458000
Processed Entries: 1459000
Processed Entries: 1460000
Processed Entries: 1461000
Processed Entries: 1462000
Processed Entries: 1463000
Processed Entries: 1464000
Processed Entries: 1465000
Processed Entries: 1466000
Processed Entries: 1467000
Processed Entries: 1468000
Processed Entries: 1469000
Processed Entries: 1470000
Processed Entries: 1471000
Processed Entries: 1472000
Processed Entries: 1473000
Processed Entries: 1474000
Processed Entries: 1475000
Processed Entries: 1476000
Processed Entries: 1477000
Processed Entries: 1478000
Processed Entries: 1479000
Processed Entries: 1480000
Processed Entries: 1481000
Processed Entries: 1482000
Processed Entries: 1483000
Processed Entries: 1484000
Processed Entries: 1485000
Processed Entries: 1486000
Processed Entries: 1487000
Processed Entries: 1488000
Processed Entries: 1489000
Processed Entries: 1490000
Processed Entries: 1491000
Processed Entries: 1492000
Processed Entries: 1493000
Processed Entries: 1494000
Processed Entries: 1495000
Processed Entries: 1496000
Processed Entries: 1497000
Processed Entries: 1498000
Processed Entries: 1499000
Processed Entries: 1500000
Processed Entries: 1501000
Processed Entries: 1502000
Processed Entries: 1503000
Processed Entries: 1504000
Processed Entries: 1505000
Processed Entries: 1506000
Processed Entries: 1507000
Processed Entries: 1508000
Processed Entries: 1509000
Processed Entries: 1510000
Processed Entries: 1511000
Processed Entries: 1512000
Processed Entries: 1513000
Processed Entries: 1514000
Processed Entries: 1515000
Processed Entries: 1516000
Processed Entries: 1517000
Processed Entries: 1518000
Processed Entries: 1519000
Processed Entries: 1520000
Processed Entries: 1521000
Processed Entries: 1522000
Processed Entries: 1523000
Processed Entries: 1524000
Processed Entries: 1525000
Processed Entries: 1526000
Processed Entries: 1527000
Processed Entries: 1528000
Processed Entries: 1529000
Processed Entries: 1530000
Processed Entries: 1531000
Processed Entries: 1532000
Processed Entries: 1533000
Processed Entries: 1534000
Processed Entries: 1535000
Processed Entries: 1536000
Processed Entries: 1537000
Processed Entries: 1538000
Processed Entries: 1539000
Processed Entries: 1540000
Processed Entries: 1541000
Processed Entries: 1542000
Processed Entries: 1543000
Processed Entries: 1544000
Processed Entries: 1545000
Processed Entries: 1546000
Processed Entries: 1547000
Processed Entries: 1548000
Processed Entries: 1549000
Processed Entries: 1550000
Processed Entries: 1551000
Processed Entries: 1552000
Processed Entries: 1553000
Processed Entries: 1554000
Processed Entries: 1555000
Processed Entries: 1556000
Processed Entries: 1557000
Processed Entries: 1558000
Processed Entries: 1559000
Processed Entries: 1560000
Processed Entries: 1561000
Processed Entries: 1562000
Processed Entries: 1563000
Processed Entries: 1564000
Processed Entries: 1565000
Processed Entries: 1566000
Processed Entries: 1567000
Processed Entries: 1568000
Processed Entries: 1569000
Processed Entries: 1570000
Processed Entries: 1571000
Processed Entries: 1572000
Processed Entries: 1573000
Processed Entries: 1574000
Processed Entries: 1575000
Processed Entries: 1576000
Processed Entries: 1577000
Processed Entries: 1578000
Processed Entries: 1579000
Processed Entries: 1580000
Processed Entries: 1581000
Processed Entries: 1582000
Processed Entries: 1583000
Processed Entries: 1584000
Processed Entries: 1585000
Processed Entries: 1586000
Processed Entries: 1587000
Processed Entries: 1588000
Processed Entries: 1589000
Processed Entries: 1590000
Processed Entries: 1591000
Processed Entries: 1592000
Processed Entries: 1593000
Processed Entries: 1594000
Processed Entries: 1595000
Processed Entries: 1596000
Processed Entries: 1597000
Processed Entries: 1598000
Processed Entries: 1599000
Processed Entries: 1600000
Processed Entries: 1601000
Processed Entries: 1602000
Processed Entries: 1603000
Processed Entries: 1604000
Processed Entries: 1605000
Processed Entries: 1606000
Processed Entries: 1607000
Processed Entries: 1608000
Processed Entries: 1609000
1609319 events processed
Statistics Summary
==================
Total Events	1609319	(1)
Electron ID (All)	841958	(0.523177)
Electron ID (Mom)	1609319	(1)
Electron ID (CCnphe)	1267366	(0.787517)
Electron ID (ECPvsP)	1176103	(0.730808)
Electron ID (ECin)	1381418	(0.858387)
Electron ID (dtECSC)	1477227	(0.917921)
Electron ID (ECfid)	1225229	(0.761334)
Photon ID (All)	714731	(0.44412)
Photon ID (Mom)	1197379	(0.744028)
Photon ID (Beta)	1609252	(0.999958)
Photon ID (Timing)	1455527	(0.904437)
Photon ID (ECfid)	1349825	(0.838755)
Photon ID (TOF Msq)	1284845	(0.798378)
Charged Pion ID (All)	663245	(0.412128)
Pos. Pion ID (dBeta)	1034452	(0.642789)
Neg. Pion ID (dBeta)	922619	(0.573298)
Omega ID (All)	65096	(0.0404494)
Omega ID (Mpi0)	136239	(0.0846563)
Omega ID (Q2)	207618	(0.12901)
Omega ID (W)	207618	(0.12901)
Omega ID (MPipPim)	192990	(0.11992)
Omega ID (Zmatch)	119505	(0.0742581)
Omega ID (OpAngElectron)	171590	(0.106623)
Omega ID (NumDetPart)	66075	(0.0410577)
Omega ID (ProtonInEvt)	0	(0)

Completed in 3 minutes and 20.7812 seconds.

